#
# A fatal error has been detected by the Java Runtime Environment:
#
#  EXCEPTION_ACCESS_VIOLATION (0xc0000005) at pc=0x00007ffe9b3de69d, pid=7704, tid=5328
#
# JRE version: OpenJDK Runtime Environment (11.0.10) (build 11.0.10+0-b96-7249189)
# Java VM: OpenJDK 64-Bit Server VM (11.0.10+0-b96-7249189, mixed mode, tiered, compressed oops, g1 gc, windows-amd64)
# Problematic frame:
# V  [jvm.dll+0x4ce69d]
#
# No core dump will be written. Minidumps are not enabled by default on client versions of Windows
#
# If you would like to submit a bug report, please visit:
#   https://bugreport.java.com/bugreport/crash.jsp
#

---------------  S U M M A R Y ------------

Command Line: --add-opens=java.base/java.util=ALL-UNNAMED --add-opens=java.base/java.lang=ALL-UNNAMED --add-opens=java.base/java.lang.invoke=ALL-UNNAMED --add-opens=java.prefs/java.util.prefs=ALL-UNNAMED -Xmx2048m -Dfile.encoding=UTF-8 -Duser.country=RU -Duser.language=ru -Duser.variant org.gradle.launcher.daemon.bootstrap.GradleDaemon 6.7.1

Host: Intel(R) Core(TM) i5-6400 CPU @ 2.70GHz, 4 cores, 15G,  Windows 10 , 64 bit Build 19041 (10.0.19041.662)
Time: Wed Sep 29 10:43:57 2021 Западная Азия (зима) elapsed time: 9.839537 seconds (0d 0h 0m 9s)

---------------  T H R E A D  ---------------

Current thread (0x00000218be140800):  JavaThread "C2 CompilerThread1" daemon [_thread_in_native, id=5328, stack(0x0000003e07c00000,0x0000003e07d00000)]


Current CompileTask:
C2:   9839 8139       4       org.apache.commons.io.FilenameUtils::doNormalize (534 bytes)

Stack: [0x0000003e07c00000,0x0000003e07d00000],  sp=0x0000003e07cfbbc0,  free space=1006k
Native frames: (J=compiled Java code, j=interpreted, Vv=VM code, C=native code)
V  [jvm.dll+0x4ce69d]
V  [jvm.dll+0x320c00]
V  [jvm.dll+0x31ffca]
V  [jvm.dll+0x1fb602]
V  [jvm.dll+0x1fa7f4]
V  [jvm.dll+0x18354c]
V  [jvm.dll+0x208ee7]
V  [jvm.dll+0x207731]
V  [jvm.dll+0x6eb1cf]
V  [jvm.dll+0x6e3d45]
V  [jvm.dll+0x5ebe96]
C  [ucrtbase.dll+0x214c2]
C  [KERNEL32.DLL+0x17034]
C  [ntdll.dll+0x4d0d1]


siginfo: EXCEPTION_ACCESS_VIOLATION (0xc0000005), reading address 0x0000400000000028


Register to memory mapping:

RIP=0x00007ffe9b3de69d jvm.dll
RAX=0x00000218c23e3a40 points into unknown readable memory: 0x00000218c5fa8180 | 80 81 fa c5 18 02 00 00
RBX=0x00000218c1ea42a8 points into unknown readable memory: 0x00007ffe9b691520 | 20 15 69 9b fe 7f 00 00
RCX=0x00000000000001f2 is an unknown value
RDX=0x0000400000000000 is an unknown value
RSP=0x0000003e07cfbbc0 is pointing into the stack for thread: 0x00000218be140800
RBP=0x0000003e07cfbcc0 is pointing into the stack for thread: 0x00000218be140800
RSI=0x0000000000000003 is an unknown value
RDI=0x00000218c1ea4320 points into unknown readable memory: 0x0000400000000000 | 00 00 00 00 00 40 00 00
R8 =0x0 is NULL
R9 =0x0000000000000002 is an unknown value
R10=0x00000218c5aab710 points into unknown readable memory: 0x00000218c5aab750 | 50 b7 aa c5 18 02 00 00
R11=0x00000218c1ea4118 points into unknown readable memory: 0x0000000000000000 | 00 00 00 00 00 00 00 00
R12=0x0000003e07cfc210 is pointing into the stack for thread: 0x00000218be140800
R13=0x00000218c5aabad8 points into unknown readable memory: 0x00007ffe9b6f8568 | 68 85 6f 9b fe 7f 00 00
R14=0x0000000000000001 is an unknown value
R15=0x0000000000000008 is an unknown value


Registers:
RAX=0x00000218c23e3a40, RBX=0x00000218c1ea42a8, RCX=0x00000000000001f2, RDX=0x0000400000000000
RSP=0x0000003e07cfbbc0, RBP=0x0000003e07cfbcc0, RSI=0x0000000000000003, RDI=0x00000218c1ea4320
R8 =0x0000000000000000, R9 =0x0000000000000002, R10=0x00000218c5aab710, R11=0x00000218c1ea4118
R12=0x0000003e07cfc210, R13=0x00000218c5aabad8, R14=0x0000000000000001, R15=0x0000000000000008
RIP=0x00007ffe9b3de69d, EFLAGS=0x0000000000010206

Top of Stack: (sp=0x0000003e07cfbbc0)
0x0000003e07cfbbc0:   0000000000000000 00000218c5aab720
0x0000003e07cfbbd0:   0000003e07cfbcc0 0000003e07cfbd40
0x0000003e07cfbbe0:   0000003e07cfbdb0 0000021800000002
0x0000003e07cfbbf0:   00000218c22fdc50 0000000000000001
0x0000003e07cfbc00:   0000000400000001 0000000000000003
0x0000003e07cfbc10:   00000218be16da30 00007ffe00000004
0x0000003e07cfbc20:   00000218c0418140 0000003e00000000
0x0000003e07cfbc30:   00000218be16da30 0000000000000004
0x0000003e07cfbc40:   00000218c0418120 00007ffe00000000
0x0000003e07cfbc50:   00000218be0561c8 0000003e07cfbfd0
0x0000003e07cfbc60:   0000000000000168 00000218c22ff1e0
0x0000003e07cfbc70:   00000218be0561c8 00000218be16da30
0x0000003e07cfbc80:   00000218c3f51540 00000218c3f58dc0
0x0000003e07cfbc90:   000000000016d7d8 00000218c3f59528
0x0000003e07cfbca0:   00007ffe9b6f7918 00000218be16da30
0x0000003e07cfbcb0:   0000000000000020 00000218c2300890 

Instructions: (pc=0x00007ffe9b3de69d)
0x00007ffe9b3de59d:   00 00 00 3b c7 76 43 4c 8b 45 70 41 b9 ff ef 00
0x00007ffe9b3de5ad:   00 66 90 41 3b 7d 18 73 0c 49 8b 45 20 8b cf 48
0x00007ffe9b3de5bd:   8b 14 c8 eb 03 49 8b d7 8b 42 2c 66 44 21 4a 30
0x00007ffe9b3de5cd:   83 e0 0f 3c 0c 74 0b 8b 42 28 49 c7 04 c0 ff 7f
0x00007ffe9b3de5dd:   ff 7f ff c7 41 3b 7d 28 72 c9 41 8b 75 28 4d 8d
0x00007ffe9b3de5ed:   65 10 ff ce 89 74 24 48 41 3b 74 24 08 73 0b 49
0x00007ffe9b3de5fd:   8b 44 24 10 48 8b 3c f0 eb 03 49 8b ff 48 8b 07
0x00007ffe9b3de60d:   48 8b cf ff 50 20 48 3b c7 74 08 41 2b 75 48 89
0x00007ffe9b3de61d:   74 24 48 bf 01 00 00 00 89 7c 24 40 44 8b f7 3b
0x00007ffe9b3de62d:   f7 0f 86 df 01 00 00 44 8d 7f 07 0f 1f 84 00 00
0x00007ffe9b3de63d:   00 00 00 33 ff 45 3b 74 24 08 73 0b 49 8b 44 24
0x00007ffe9b3de64d:   10 49 8b 1c 07 eb 03 48 8b df 8b 43 2c 83 e0 0f
0x00007ffe9b3de65d:   83 f8 0c 0f 84 28 01 00 00 83 f8 08 75 15 49 8b
0x00007ffe9b3de66d:   cd e8 fd 23 c4 ff 48 8b 4b 08 48 39 01 0f 84 0e
0x00007ffe9b3de67d:   01 00 00 8b 43 1c 44 8b c7 85 c0 74 39 48 8b 7b
0x00007ffe9b3de68d:   08 44 8b c8 4c 8b 65 50 48 8b 17 48 85 d2 74 18
0x00007ffe9b3de69d:   8b 4a 28 49 8b 44 24 78 4c 39 2c c8 75 0a 48 83
0x00007ffe9b3de6ad:   7a 10 00 74 03 41 ff c0 48 83 c7 08 49 83 e9 01
0x00007ffe9b3de6bd:   75 d6 4d 8d 65 10 48 8b 45 60 48 63 4b 28 48 8b
0x00007ffe9b3de6cd:   40 18 44 89 04 88 8b 43 2c 24 03 3c 02 0f 85 a8
0x00007ffe9b3de6dd:   00 00 00 83 7b 18 05 0f 86 9e 00 00 00 48 8b 03
0x00007ffe9b3de6ed:   48 8b cb ff 90 40 01 00 00 3d ba 00 00 00 74 13
0x00007ffe9b3de6fd:   48 8b 03 48 8b cb ff 90 40 01 00 00 3d c2 00 00
0x00007ffe9b3de70d:   00 75 78 4c 8b 43 08 49 8b 70 28 48 85 f6 74 4f
0x00007ffe9b3de71d:   48 8b 45 50 8b 4e 28 48 8b 40 78 4c 39 2c c8 75
0x00007ffe9b3de72d:   3e 8b 4b 18 8b 7b 1c 3b cf 73 34 0f 1f 84 00 00
0x00007ffe9b3de73d:   00 00 00 8b c1 49 8b 14 c0 48 3b d6 74 0d 48 85
0x00007ffe9b3de74d:   d2 74 1c ff c1 3b cf 72 ea eb 14 83 f9 ff 74 0f
0x00007ffe9b3de75d:   48 8b 45 60 48 63 7b 28 48 8b 40 18 ff 0c b8 ba
0x00007ffe9b3de76d:   05 00 00 00 48 8b cb e8 17 cf 0f 00 48 8b d6 48
0x00007ffe9b3de77d:   8b cb e8 3c c9 0f 00 8b 74 24 48 8b 7c 24 40 eb
0x00007ffe9b3de78d:   6e 8b 44 24 40 41 3b 44 24 08 73 0b 8b c8 49 8b 


Stack slot to memory mapping:
stack at sp + 0 slots: 0x0 is NULL
stack at sp + 1 slots: 0x00000218c5aab720 points into unknown readable memory: 0x00007ffe9b6f8568 | 68 85 6f 9b fe 7f 00 00
stack at sp + 2 slots: 0x0000003e07cfbcc0 is pointing into the stack for thread: 0x00000218be140800
stack at sp + 3 slots: 0x0000003e07cfbd40 is pointing into the stack for thread: 0x00000218be140800
stack at sp + 4 slots: 0x0000003e07cfbdb0 is pointing into the stack for thread: 0x00000218be140800
stack at sp + 5 slots: 0x0000021800000002 is an unknown value
stack at sp + 6 slots: 0x00000218c22fdc50 points into unknown readable memory: 0x000000007fff7fff | ff 7f ff 7f 00 00 00 00
stack at sp + 7 slots: 0x0000000000000001 is an unknown value


---------------  P R O C E S S  ---------------

Threads class SMR info:
_java_thread_list=0x00000218c5670d30, length=161, elements={
0x00000218a3317000, 0x00000218bdebc800, 0x00000218bdebf800, 0x00000218bdedb000,
0x00000218bdedc000, 0x00000218bdedd000, 0x00000218bdee3800, 0x00000218bdeea000,
0x00000218bdf03800, 0x00000218be055000, 0x00000218be140800, 0x00000218c0075000,
0x00000218c0795000, 0x00000218bf2a8000, 0x00000218beee7800, 0x00000218beee8000,
0x00000218bfb47000, 0x00000218bf3d1000, 0x00000218bf647800, 0x00000218bfa8d000,
0x00000218c0443000, 0x00000218c0445800, 0x00000218c0448000, 0x00000218c0448800,
0x00000218c0444800, 0x00000218c0446800, 0x00000218c0447000, 0x00000218c0449800,
0x00000218c0444000, 0x00000218c2b35000, 0x00000218c2b32800, 0x00000218c2b37000,
0x00000218c2b31000, 0x00000218c2b37800, 0x00000218c2b33800, 0x00000218c2b38800,
0x00000218c2b39000, 0x00000218c2b36000, 0x00000218c2b3a000, 0x00000218c2b34800,
0x00000218c2b3b800, 0x00000218c2b3e000, 0x00000218c2b3f000, 0x00000218c2b3b000,
0x00000218c2b3c800, 0x00000218c2b3d800, 0x00000218c376c800, 0x00000218c376d800,
0x00000218c376e800, 0x00000218c376c000, 0x00000218c3772800, 0x00000218c3770000,
0x00000218c3774000, 0x00000218c3775000, 0x00000218c3773000, 0x00000218c376f000,
0x00000218c3771800, 0x00000218c3775800, 0x00000218c3770800, 0x00000218c3776800,
0x00000218c3779800, 0x00000218c3777000, 0x00000218c3778000, 0x00000218c377a800,
0x00000218c3779000, 0x00000218c0a9a000, 0x00000218c0a96800, 0x00000218c0a99000,
0x00000218c0a97800, 0x00000218c0a94800, 0x00000218c0a98800, 0x00000218c0a9b000,
0x00000218c0a95000, 0x00000218c0a9b800, 0x00000218c0a96000, 0x00000218c0a9c800,
0x00000218c0a9d800, 0x00000218c0a9e000, 0x00000218c0a9f800, 0x00000218c0aa1800,
0x00000218c0a9f000, 0x00000218c0aa0800, 0x00000218c0aa2000, 0x00000218c0aa3000,
0x00000218c3c3b000, 0x00000218c3c3a800, 0x00000218c3c38800, 0x00000218c3c39800,
0x00000218c3c3c000, 0x00000218c3c36000, 0x00000218c3c3d000, 0x00000218c3c37000,
0x00000218c3c3d800, 0x00000218c3c38000, 0x00000218c3c40000, 0x00000218c3c44000,
0x00000218c3c3e800, 0x00000218c3c43800, 0x00000218c3c45000, 0x00000218c3c41800,
0x00000218c3c3f000, 0x00000218c3c42800, 0x00000218c3c41000, 0x00000218c2d63000,
0x00000218c2d64000, 0x00000218c2d65000, 0x00000218c2d5f000, 0x00000218c2d65800,
0x00000218c2d61000, 0x00000218c2d62800, 0x00000218c2d60000, 0x00000218c2d61800,
0x00000218c2d66800, 0x00000218c2d6a800, 0x00000218c2d6c000, 0x00000218c2d69000,
0x00000218c2d6d000, 0x00000218c2d6b800, 0x00000218c2d67800, 0x00000218c2d6e000,
0x00000218c2d69800, 0x00000218c2d68000, 0x00000218c0c08000, 0x00000218c0c02000,
0x00000218c0c05800, 0x00000218c0c07000, 0x00000218c0c06800, 0x00000218c0c08800,
0x00000218c0c03000, 0x00000218c0c09800, 0x00000218c0c04000, 0x00000218c0c0a800,
0x00000218c0c04800, 0x00000218c0c10000, 0x00000218c0c0c000, 0x00000218c0c0d800,
0x00000218c0c0f800, 0x00000218c0c0e800, 0x00000218c0c11000, 0x00000218c0c0b000,
0x00000218c0c0d000, 0x00000218c397c800, 0x00000218c397b000, 0x00000218c397f000,
0x00000218c3981000, 0x00000218c397e800, 0x00000218c397d800, 0x00000218c3980000,
0x00000218c3981800, 0x00000218c397c000, 0x00000218c3988000, 0x00000218c3982800,
0x00000218c3984000, 0x00000218c3987800, 0x00000218c3989000, 0x00000218c3983800,
0x00000218c398a000, 0x00000218c3985000, 0x00000218c3985800, 0x00000218c0def000,
0x00000218c0dee000
}

Java Threads: ( => current thread )
  0x00000218a3317000 JavaThread "main" [_thread_blocked, id=4240, stack(0x0000003e06b00000,0x0000003e06c00000)]
  0x00000218bdebc800 JavaThread "Reference Handler" daemon [_thread_blocked, id=2516, stack(0x0000003e07200000,0x0000003e07300000)]
  0x00000218bdebf800 JavaThread "Finalizer" daemon [_thread_blocked, id=3124, stack(0x0000003e07300000,0x0000003e07400000)]
  0x00000218bdedb000 JavaThread "Signal Dispatcher" daemon [_thread_blocked, id=9320, stack(0x0000003e07400000,0x0000003e07500000)]
  0x00000218bdedc000 JavaThread "Attach Listener" daemon [_thread_blocked, id=3144, stack(0x0000003e07500000,0x0000003e07600000)]
  0x00000218bdedd000 JavaThread "Service Thread" daemon [_thread_blocked, id=5108, stack(0x0000003e07600000,0x0000003e07700000)]
  0x00000218bdee3800 JavaThread "C2 CompilerThread0" daemon [_thread_in_native, id=5616, stack(0x0000003e07700000,0x0000003e07800000)]
  0x00000218bdeea000 JavaThread "C1 CompilerThread0" daemon [_thread_blocked, id=2720, stack(0x0000003e07800000,0x0000003e07900000)]
  0x00000218bdf03800 JavaThread "Sweeper thread" daemon [_thread_blocked, id=8004, stack(0x0000003e07900000,0x0000003e07a00000)]
  0x00000218be055000 JavaThread "Common-Cleaner" daemon [_thread_blocked, id=7784, stack(0x0000003e07a00000,0x0000003e07b00000)]
=>0x00000218be140800 JavaThread "C2 CompilerThread1" daemon [_thread_in_native, id=5328, stack(0x0000003e07c00000,0x0000003e07d00000)]
  0x00000218c0075000 JavaThread "Daemon health stats" [_thread_blocked, id=8824, stack(0x0000003e08000000,0x0000003e08100000)]
  0x00000218c0795000 JavaThread "Incoming local TCP Connector on port 50684" [_thread_in_native, id=6668, stack(0x0000003e08300000,0x0000003e08400000)]
  0x00000218bf2a8000 JavaThread "Daemon periodic checks" [_thread_blocked, id=4288, stack(0x0000003e08400000,0x0000003e08500000)]
  0x00000218beee7800 JavaThread "Daemon" [_thread_blocked, id=6080, stack(0x0000003e08500000,0x0000003e08600000)]
  0x00000218beee8000 JavaThread "Handler for socket connection from /127.0.0.1:50684 to /127.0.0.1:50685" [_thread_in_native, id=8292, stack(0x0000003e08600000,0x0000003e08700000)]
  0x00000218bfb47000 JavaThread "Cancel handler" [_thread_blocked, id=8412, stack(0x0000003e08700000,0x0000003e08800000)]
  0x00000218bf3d1000 JavaThread "Daemon worker" [_thread_blocked, id=2724, stack(0x0000003e08800000,0x0000003e08900000)]
  0x00000218bf647800 JavaThread "Asynchronous log dispatcher for DefaultDaemonConnection: socket connection from /127.0.0.1:50684 to /127.0.0.1:50685" [_thread_blocked, id=2512, stack(0x0000003e08900000,0x0000003e08a00000)]
  0x00000218bfa8d000 JavaThread "Stdin handler" [_thread_blocked, id=9480, stack(0x0000003e08a00000,0x0000003e08b00000)]
  0x00000218c0443000 JavaThread "Thread-8" [_thread_blocked, id=7740, stack(0x0000003e08b00000,0x0000003e08c00000)]
  0x00000218c0445800 JavaThread "Cache worker for file hash cache (C:\Users\Digital City\.gradle\caches\6.7.1\fileHashes)" [_thread_blocked, id=10028, stack(0x0000003e08c00000,0x0000003e08d00000)]
  0x00000218c0448000 JavaThread "File lock request listener" [_thread_in_native, id=9932, stack(0x0000003e08d00000,0x0000003e08e00000)]
  0x00000218c0448800 JavaThread "Cache worker for journal cache (C:\Users\Digital City\.gradle\caches\journal-1)" [_thread_blocked, id=6348, stack(0x0000003e08e00000,0x0000003e08f00000)]
  0x00000218c0444800 JavaThread "Cache worker for file hash cache (C:\Users\Digital City\Downloads\Telegram Desktop\ArzonKassa\.gradle\6.7.1\fileHashes)" [_thread_blocked, id=10012, stack(0x0000003e08f00000,0x0000003e09000000)]
  0x00000218c0446800 JavaThread "Cache worker for checksums cache (C:\Users\Digital City\Downloads\Telegram Desktop\ArzonKassa\.gradle\checksums)" [_thread_blocked, id=3104, stack(0x0000003e09000000,0x0000003e09100000)]
  0x00000218c0447000 JavaThread "Cache worker for cache directory md-supplier (C:\Users\Digital City\.gradle\caches\6.7.1\md-supplier)" [_thread_blocked, id=8804, stack(0x0000003e09100000,0x0000003e09200000)]
  0x00000218c0449800 JavaThread "Cache worker for cache directory md-rule (C:\Users\Digital City\.gradle\caches\6.7.1\md-rule)" [_thread_blocked, id=6224, stack(0x0000003e09200000,0x0000003e09300000)]
  0x00000218c0444000 JavaThread "Cache worker for execution history cache (C:\Users\Digital City\.gradle\caches\6.7.1\executionHistory)" [_thread_blocked, id=2268, stack(0x0000003e09300000,0x0000003e09400000)]
  0x00000218c2b35000 JavaThread "jar transforms" [_thread_blocked, id=8524, stack(0x0000003e09400000,0x0000003e09500000)]
  0x00000218c2b32800 JavaThread "Cache worker for file content cache (C:\Users\Digital City\.gradle\caches\6.7.1\fileContent)" [_thread_blocked, id=3940, stack(0x0000003e09500000,0x0000003e09600000)]
  0x00000218c2b37000 JavaThread "Cache worker for Build Output Cleanup Cache (C:\Users\Digital City\Downloads\Telegram Desktop\ArzonKassa\.gradle\buildOutputCleanup)" [_thread_blocked, id=6100, stack(0x0000003e09600000,0x0000003e09700000)]
  0x00000218c2b31000 JavaThread "Build operations" [_thread_blocked, id=7932, stack(0x0000003e09700000,0x0000003e09800000)]
  0x00000218c2b37800 JavaThread "Build operations Thread 2" [_thread_in_native, id=10096, stack(0x0000003e09800000,0x0000003e09900000)]
  0x00000218c2b33800 JavaThread "Build operations Thread 3" [_thread_blocked, id=8744, stack(0x0000003e09900000,0x0000003e09a00000)]
  0x00000218c2b38800 JavaThread "Build operations Thread 4" [_thread_blocked, id=1068, stack(0x0000003e09a00000,0x0000003e09b00000)]
  0x00000218c2b39000 JavaThread "jar transforms Thread 2" [_thread_blocked, id=5496, stack(0x0000003e09b00000,0x0000003e09c00000)]
  0x00000218c2b36000 JavaThread "jar transforms Thread 3" [_thread_blocked, id=6284, stack(0x0000003e09c00000,0x0000003e09d00000)]
  0x00000218c2b3a000 JavaThread "jar transforms Thread 4" [_thread_blocked, id=9792, stack(0x0000003e09d00000,0x0000003e09e00000)]
  0x00000218c2b34800 JavaThread "jar transforms Thread 5" [_thread_blocked, id=1352, stack(0x0000003e09e00000,0x0000003e09f00000)]
  0x00000218c2b3b800 JavaThread "jar transforms Thread 6" [_thread_blocked, id=8720, stack(0x0000003e09f00000,0x0000003e0a000000)]
  0x00000218c2b3e000 JavaThread "jar transforms Thread 7" [_thread_blocked, id=5964, stack(0x0000003e0a000000,0x0000003e0a100000)]
  0x00000218c2b3f000 JavaThread "jar transforms Thread 8" [_thread_blocked, id=7776, stack(0x0000003e0a100000,0x0000003e0a200000)]
  0x00000218c2b3b000 JavaThread "jar transforms Thread 9" [_thread_blocked, id=4508, stack(0x0000003e0a200000,0x0000003e0a300000)]
  0x00000218c2b3c800 JavaThread "jar transforms Thread 10" [_thread_blocked, id=7588, stack(0x0000003e0a300000,0x0000003e0a400000)]
  0x00000218c2b3d800 JavaThread "jar transforms Thread 11" [_thread_blocked, id=9976, stack(0x0000003e0a400000,0x0000003e0a500000)]
  0x00000218c376c800 JavaThread "jar transforms Thread 12" [_thread_blocked, id=1360, stack(0x0000003e0a500000,0x0000003e0a600000)]
  0x00000218c376d800 JavaThread "jar transforms Thread 13" [_thread_blocked, id=948, stack(0x0000003e0a600000,0x0000003e0a700000)]
  0x00000218c376e800 JavaThread "jar transforms Thread 14" [_thread_blocked, id=3412, stack(0x0000003e0a700000,0x0000003e0a800000)]
  0x00000218c376c000 JavaThread "jar transforms Thread 15" [_thread_blocked, id=7556, stack(0x0000003e0a800000,0x0000003e0a900000)]
  0x00000218c3772800 JavaThread "jar transforms Thread 16" [_thread_blocked, id=9468, stack(0x0000003e0a900000,0x0000003e0aa00000)]
  0x00000218c3770000 JavaThread "jar transforms Thread 17" [_thread_blocked, id=8808, stack(0x0000003e0aa00000,0x0000003e0ab00000)]
  0x00000218c3774000 JavaThread "jar transforms Thread 18" [_thread_blocked, id=9568, stack(0x0000003e0ab00000,0x0000003e0ac00000)]
  0x00000218c3775000 JavaThread "jar transforms Thread 19" [_thread_blocked, id=9912, stack(0x0000003e0ac00000,0x0000003e0ad00000)]
  0x00000218c3773000 JavaThread "jar transforms Thread 20" [_thread_blocked, id=5484, stack(0x0000003e0ad00000,0x0000003e0ae00000)]
  0x00000218c376f000 JavaThread "jar transforms Thread 21" [_thread_blocked, id=5676, stack(0x0000003e0ae00000,0x0000003e0af00000)]
  0x00000218c3771800 JavaThread "jar transforms Thread 22" [_thread_blocked, id=3588, stack(0x0000003e0af00000,0x0000003e0b000000)]
  0x00000218c3775800 JavaThread "jar transforms Thread 23" [_thread_blocked, id=6764, stack(0x0000003e0b000000,0x0000003e0b100000)]
  0x00000218c3770800 JavaThread "jar transforms Thread 24" [_thread_blocked, id=1756, stack(0x0000003e0b100000,0x0000003e0b200000)]
  0x00000218c3776800 JavaThread "jar transforms Thread 25" [_thread_blocked, id=1116, stack(0x0000003e0b200000,0x0000003e0b300000)]
  0x00000218c3779800 JavaThread "jar transforms Thread 26" [_thread_blocked, id=3748, stack(0x0000003e0b300000,0x0000003e0b400000)]
  0x00000218c3777000 JavaThread "jar transforms Thread 27" [_thread_blocked, id=8368, stack(0x0000003e0b400000,0x0000003e0b500000)]
  0x00000218c3778000 JavaThread "jar transforms Thread 28" [_thread_blocked, id=9196, stack(0x0000003e0b500000,0x0000003e0b600000)]
  0x00000218c377a800 JavaThread "jar transforms Thread 29" [_thread_blocked, id=7468, stack(0x0000003e0b600000,0x0000003e0b700000)]
  0x00000218c3779000 JavaThread "jar transforms Thread 30" [_thread_blocked, id=7180, stack(0x0000003e0b700000,0x0000003e0b800000)]
  0x00000218c0a9a000 JavaThread "jar transforms Thread 31" [_thread_blocked, id=8904, stack(0x0000003e0b800000,0x0000003e0b900000)]
  0x00000218c0a96800 JavaThread "jar transforms Thread 32" [_thread_blocked, id=5340, stack(0x0000003e0b900000,0x0000003e0ba00000)]
  0x00000218c0a99000 JavaThread "jar transforms Thread 33" [_thread_blocked, id=7620, stack(0x0000003e0ba00000,0x0000003e0bb00000)]
  0x00000218c0a97800 JavaThread "jar transforms Thread 34" [_thread_blocked, id=4424, stack(0x0000003e0bb00000,0x0000003e0bc00000)]
  0x00000218c0a94800 JavaThread "jar transforms Thread 35" [_thread_blocked, id=7056, stack(0x0000003e0bc00000,0x0000003e0bd00000)]
  0x00000218c0a98800 JavaThread "jar transforms Thread 36" [_thread_blocked, id=4748, stack(0x0000003e0bd00000,0x0000003e0be00000)]
  0x00000218c0a9b000 JavaThread "jar transforms Thread 37" [_thread_blocked, id=2612, stack(0x0000003e0be00000,0x0000003e0bf00000)]
  0x00000218c0a95000 JavaThread "jar transforms Thread 38" [_thread_blocked, id=8924, stack(0x0000003e0bf00000,0x0000003e0c000000)]
  0x00000218c0a9b800 JavaThread "jar transforms Thread 39" [_thread_blocked, id=6408, stack(0x0000003e0c000000,0x0000003e0c100000)]
  0x00000218c0a96000 JavaThread "jar transforms Thread 40" [_thread_blocked, id=1160, stack(0x0000003e0c100000,0x0000003e0c200000)]
  0x00000218c0a9c800 JavaThread "jar transforms Thread 41" [_thread_blocked, id=1796, stack(0x0000003e0c200000,0x0000003e0c300000)]
  0x00000218c0a9d800 JavaThread "jar transforms Thread 42" [_thread_blocked, id=7816, stack(0x0000003e0c300000,0x0000003e0c400000)]
  0x00000218c0a9e000 JavaThread "jar transforms Thread 43" [_thread_blocked, id=9428, stack(0x0000003e0c400000,0x0000003e0c500000)]
  0x00000218c0a9f800 JavaThread "jar transforms Thread 44" [_thread_blocked, id=2984, stack(0x0000003e0c500000,0x0000003e0c600000)]
  0x00000218c0aa1800 JavaThread "jar transforms Thread 45" [_thread_blocked, id=4108, stack(0x0000003e0c600000,0x0000003e0c700000)]
  0x00000218c0a9f000 JavaThread "jar transforms Thread 46" [_thread_blocked, id=8196, stack(0x0000003e0c700000,0x0000003e0c800000)]
  0x00000218c0aa0800 JavaThread "jar transforms Thread 47" [_thread_blocked, id=4296, stack(0x0000003e0c800000,0x0000003e0c900000)]
  0x00000218c0aa2000 JavaThread "jar transforms Thread 48" [_thread_blocked, id=3892, stack(0x0000003e0c900000,0x0000003e0ca00000)]
  0x00000218c0aa3000 JavaThread "jar transforms Thread 49" [_thread_blocked, id=9836, stack(0x0000003e0ca00000,0x0000003e0cb00000)]
  0x00000218c3c3b000 JavaThread "jar transforms Thread 50" [_thread_blocked, id=8940, stack(0x0000003e0cb00000,0x0000003e0cc00000)]
  0x00000218c3c3a800 JavaThread "jar transforms Thread 51" [_thread_blocked, id=5752, stack(0x0000003e0cc00000,0x0000003e0cd00000)]
  0x00000218c3c38800 JavaThread "jar transforms Thread 52" [_thread_blocked, id=1172, stack(0x0000003e0cd00000,0x0000003e0ce00000)]
  0x00000218c3c39800 JavaThread "jar transforms Thread 53" [_thread_blocked, id=9796, stack(0x0000003e0ce00000,0x0000003e0cf00000)]
  0x00000218c3c3c000 JavaThread "jar transforms Thread 54" [_thread_blocked, id=3320, stack(0x0000003e0cf00000,0x0000003e0d000000)]
  0x00000218c3c36000 JavaThread "jar transforms Thread 55" [_thread_blocked, id=5768, stack(0x0000003e0d000000,0x0000003e0d100000)]
  0x00000218c3c3d000 JavaThread "jar transforms Thread 56" [_thread_blocked, id=8360, stack(0x0000003e0d100000,0x0000003e0d200000)]
  0x00000218c3c37000 JavaThread "jar transforms Thread 57" [_thread_blocked, id=5104, stack(0x0000003e0d200000,0x0000003e0d300000)]
  0x00000218c3c3d800 JavaThread "jar transforms Thread 58" [_thread_blocked, id=544, stack(0x0000003e0d300000,0x0000003e0d400000)]
  0x00000218c3c38000 JavaThread "jar transforms Thread 59" [_thread_blocked, id=7632, stack(0x0000003e0d400000,0x0000003e0d500000)]
  0x00000218c3c40000 JavaThread "jar transforms Thread 60" [_thread_blocked, id=7424, stack(0x0000003e0d500000,0x0000003e0d600000)]
  0x00000218c3c44000 JavaThread "jar transforms Thread 61" [_thread_blocked, id=2552, stack(0x0000003e0d600000,0x0000003e0d700000)]
  0x00000218c3c3e800 JavaThread "jar transforms Thread 62" [_thread_blocked, id=8428, stack(0x0000003e0d700000,0x0000003e0d800000)]
  0x00000218c3c43800 JavaThread "jar transforms Thread 63" [_thread_blocked, id=7164, stack(0x0000003e0d800000,0x0000003e0d900000)]
  0x00000218c3c45000 JavaThread "jar transforms Thread 64" [_thread_blocked, id=7072, stack(0x0000003e0d900000,0x0000003e0da00000)]
  0x00000218c3c41800 JavaThread "jar transforms Thread 65" [_thread_blocked, id=3288, stack(0x0000003e0da00000,0x0000003e0db00000)]
  0x00000218c3c3f000 JavaThread "jar transforms Thread 66" [_thread_blocked, id=1556, stack(0x0000003e0db00000,0x0000003e0dc00000)]
  0x00000218c3c42800 JavaThread "jar transforms Thread 67" [_thread_blocked, id=9712, stack(0x0000003e0dc00000,0x0000003e0dd00000)]
  0x00000218c3c41000 JavaThread "jar transforms Thread 68" [_thread_blocked, id=9676, stack(0x0000003e0dd00000,0x0000003e0de00000)]
  0x00000218c2d63000 JavaThread "jar transforms Thread 69" [_thread_blocked, id=6412, stack(0x0000003e0de00000,0x0000003e0df00000)]
  0x00000218c2d64000 JavaThread "jar transforms Thread 70" [_thread_blocked, id=7688, stack(0x0000003e0df00000,0x0000003e0e000000)]
  0x00000218c2d65000 JavaThread "jar transforms Thread 71" [_thread_blocked, id=3780, stack(0x0000003e0e000000,0x0000003e0e100000)]
  0x00000218c2d5f000 JavaThread "jar transforms Thread 72" [_thread_blocked, id=5204, stack(0x0000003e0e100000,0x0000003e0e200000)]
  0x00000218c2d65800 JavaThread "jar transforms Thread 73" [_thread_blocked, id=5556, stack(0x0000003e0e200000,0x0000003e0e300000)]
  0x00000218c2d61000 JavaThread "jar transforms Thread 74" [_thread_blocked, id=3824, stack(0x0000003e0e300000,0x0000003e0e400000)]
  0x00000218c2d62800 JavaThread "jar transforms Thread 75" [_thread_blocked, id=6880, stack(0x0000003e0e400000,0x0000003e0e500000)]
  0x00000218c2d60000 JavaThread "jar transforms Thread 76" [_thread_blocked, id=5832, stack(0x0000003e0e500000,0x0000003e0e600000)]
  0x00000218c2d61800 JavaThread "jar transforms Thread 77" [_thread_blocked, id=3696, stack(0x0000003e0e600000,0x0000003e0e700000)]
  0x00000218c2d66800 JavaThread "jar transforms Thread 78" [_thread_blocked, id=940, stack(0x0000003e0e700000,0x0000003e0e800000)]
  0x00000218c2d6a800 JavaThread "jar transforms Thread 79" [_thread_blocked, id=9388, stack(0x0000003e0e800000,0x0000003e0e900000)]
  0x00000218c2d6c000 JavaThread "jar transforms Thread 80" [_thread_blocked, id=8144, stack(0x0000003e0e900000,0x0000003e0ea00000)]
  0x00000218c2d69000 JavaThread "jar transforms Thread 81" [_thread_blocked, id=2392, stack(0x0000003e0ea00000,0x0000003e0eb00000)]
  0x00000218c2d6d000 JavaThread "jar transforms Thread 82" [_thread_blocked, id=4928, stack(0x0000003e0eb00000,0x0000003e0ec00000)]
  0x00000218c2d6b800 JavaThread "jar transforms Thread 83" [_thread_blocked, id=5148, stack(0x0000003e0ec00000,0x0000003e0ed00000)]
  0x00000218c2d67800 JavaThread "jar transforms Thread 84" [_thread_blocked, id=6468, stack(0x0000003e0ed00000,0x0000003e0ee00000)]
  0x00000218c2d6e000 JavaThread "jar transforms Thread 85" [_thread_blocked, id=4300, stack(0x0000003e0ee00000,0x0000003e0ef00000)]
  0x00000218c2d69800 JavaThread "jar transforms Thread 86" [_thread_blocked, id=5444, stack(0x0000003e0ef00000,0x0000003e0f000000)]
  0x00000218c2d68000 JavaThread "jar transforms Thread 87" [_thread_blocked, id=6648, stack(0x0000003e0f000000,0x0000003e0f100000)]
  0x00000218c0c08000 JavaThread "jar transforms Thread 88" [_thread_blocked, id=7224, stack(0x0000003e0f100000,0x0000003e0f200000)]
  0x00000218c0c02000 JavaThread "jar transforms Thread 89" [_thread_blocked, id=8020, stack(0x0000003e0f200000,0x0000003e0f300000)]
  0x00000218c0c05800 JavaThread "jar transforms Thread 90" [_thread_blocked, id=1848, stack(0x0000003e0f300000,0x0000003e0f400000)]
  0x00000218c0c07000 JavaThread "jar transforms Thread 91" [_thread_blocked, id=9144, stack(0x0000003e0f400000,0x0000003e0f500000)]
  0x00000218c0c06800 JavaThread "jar transforms Thread 92" [_thread_blocked, id=9132, stack(0x0000003e0f500000,0x0000003e0f600000)]
  0x00000218c0c08800 JavaThread "jar transforms Thread 93" [_thread_blocked, id=6596, stack(0x0000003e0f600000,0x0000003e0f700000)]
  0x00000218c0c03000 JavaThread "jar transforms Thread 94" [_thread_blocked, id=4876, stack(0x0000003e0f700000,0x0000003e0f800000)]
  0x00000218c0c09800 JavaThread "jar transforms Thread 95" [_thread_blocked, id=5540, stack(0x0000003e0f800000,0x0000003e0f900000)]
  0x00000218c0c04000 JavaThread "jar transforms Thread 96" [_thread_blocked, id=3396, stack(0x0000003e0f900000,0x0000003e0fa00000)]
  0x00000218c0c0a800 JavaThread "jar transforms Thread 97" [_thread_blocked, id=1804, stack(0x0000003e0fa00000,0x0000003e0fb00000)]
  0x00000218c0c04800 JavaThread "jar transforms Thread 98" [_thread_blocked, id=3984, stack(0x0000003e0fb00000,0x0000003e0fc00000)]
  0x00000218c0c10000 JavaThread "jar transforms Thread 99" [_thread_blocked, id=8700, stack(0x0000003e0fc00000,0x0000003e0fd00000)]
  0x00000218c0c0c000 JavaThread "jar transforms Thread 100" [_thread_blocked, id=8952, stack(0x0000003e0fd00000,0x0000003e0fe00000)]
  0x00000218c0c0d800 JavaThread "jar transforms Thread 101" [_thread_blocked, id=5788, stack(0x0000003e0fe00000,0x0000003e0ff00000)]
  0x00000218c0c0f800 JavaThread "jar transforms Thread 102" [_thread_blocked, id=4916, stack(0x0000003e0ff00000,0x0000003e10000000)]
  0x00000218c0c0e800 JavaThread "jar transforms Thread 103" [_thread_blocked, id=3820, stack(0x0000003e10000000,0x0000003e10100000)]
  0x00000218c0c11000 JavaThread "jar transforms Thread 104" [_thread_blocked, id=5824, stack(0x0000003e10100000,0x0000003e10200000)]
  0x00000218c0c0b000 JavaThread "jar transforms Thread 105" [_thread_blocked, id=6952, stack(0x0000003e10200000,0x0000003e10300000)]
  0x00000218c0c0d000 JavaThread "jar transforms Thread 106" [_thread_blocked, id=5696, stack(0x0000003e10300000,0x0000003e10400000)]
  0x00000218c397c800 JavaThread "jar transforms Thread 107" [_thread_blocked, id=3456, stack(0x0000003e10400000,0x0000003e10500000)]
  0x00000218c397b000 JavaThread "jar transforms Thread 108" [_thread_blocked, id=3300, stack(0x0000003e10500000,0x0000003e10600000)]
  0x00000218c397f000 JavaThread "jar transforms Thread 109" [_thread_blocked, id=5012, stack(0x0000003e10600000,0x0000003e10700000)]
  0x00000218c3981000 JavaThread "jar transforms Thread 110" [_thread_blocked, id=5760, stack(0x0000003e10700000,0x0000003e10800000)]
  0x00000218c397e800 JavaThread "jar transforms Thread 111" [_thread_blocked, id=9600, stack(0x0000003e10800000,0x0000003e10900000)]
  0x00000218c397d800 JavaThread "jar transforms Thread 112" [_thread_blocked, id=8036, stack(0x0000003e10900000,0x0000003e10a00000)]
  0x00000218c3980000 JavaThread "jar transforms Thread 113" [_thread_blocked, id=1704, stack(0x0000003e10a00000,0x0000003e10b00000)]
  0x00000218c3981800 JavaThread "jar transforms Thread 114" [_thread_blocked, id=9384, stack(0x0000003e10b00000,0x0000003e10c00000)]
  0x00000218c397c000 JavaThread "jar transforms Thread 115" [_thread_blocked, id=5872, stack(0x0000003e10c00000,0x0000003e10d00000)]
  0x00000218c3988000 JavaThread "jar transforms Thread 116" [_thread_blocked, id=10072, stack(0x0000003e10d00000,0x0000003e10e00000)]
  0x00000218c3982800 JavaThread "jar transforms Thread 117" [_thread_blocked, id=8160, stack(0x0000003e10e00000,0x0000003e10f00000)]
  0x00000218c3984000 JavaThread "jar transforms Thread 118" [_thread_blocked, id=9864, stack(0x0000003e10f00000,0x0000003e11000000)]
  0x00000218c3987800 JavaThread "jar transforms Thread 119" [_thread_blocked, id=1092, stack(0x0000003e11000000,0x0000003e11100000)]
  0x00000218c3989000 JavaThread "Memory manager" [_thread_blocked, id=6120, stack(0x0000003e11100000,0x0000003e11200000)]
  0x00000218c3983800 JavaThread "build event listener" [_thread_blocked, id=4012, stack(0x0000003e11200000,0x0000003e11300000)]
  0x00000218c398a000 JavaThread "build event listener" [_thread_blocked, id=7304, stack(0x0000003e11300000,0x0000003e11400000)]
  0x00000218c3985000 JavaThread "Execution worker for ':'" [_thread_blocked, id=5532, stack(0x0000003e11400000,0x0000003e11500000)]
  0x00000218c3985800 JavaThread "Execution worker for ':' Thread 2" [_thread_blocked, id=5700, stack(0x0000003e11500000,0x0000003e11600000)]
  0x00000218c0def000 JavaThread "Execution worker for ':' Thread 3" [_thread_in_vm, id=5016, stack(0x0000003e11600000,0x0000003e11700000)]
  0x00000218c0dee000 JavaThread "Cache worker for execution history cache (C:\Users\Digital City\Downloads\Telegram Desktop\ArzonKassa\.gradle\6.7.1\executionHistory)" [_thread_blocked, id=1952, stack(0x0000003e11700000,0x0000003e11800000)]

Other Threads:
  0x00000218bde75800 VMThread "VM Thread" [stack: 0x0000003e07100000,0x0000003e07200000] [id=8260]
  0x00000218be0d6800 WatcherThread [stack: 0x0000003e07b00000,0x0000003e07c00000] [id=7560]
  0x00000218a332f000 GCTaskThread "GC Thread#0" [stack: 0x0000003e06c00000,0x0000003e06d00000] [id=1128]
  0x00000218be719000 GCTaskThread "GC Thread#1" [stack: 0x0000003e07d00000,0x0000003e07e00000] [id=888]
  0x00000218be250800 GCTaskThread "GC Thread#2" [stack: 0x0000003e07e00000,0x0000003e07f00000] [id=8956]
  0x00000218be251800 GCTaskThread "GC Thread#3" [stack: 0x0000003e07f00000,0x0000003e08000000] [id=4656]
  0x00000218a3362000 ConcurrentGCThread "G1 Main Marker" [stack: 0x0000003e06d00000,0x0000003e06e00000] [id=9956]
  0x00000218a3363000 ConcurrentGCThread "G1 Conc#0" [stack: 0x0000003e06e00000,0x0000003e06f00000] [id=4520]
  0x00000218a33fe800 ConcurrentGCThread "G1 Refine#0" [stack: 0x0000003e06f00000,0x0000003e07000000] [id=5296]
  0x00000218bd4d0800 ConcurrentGCThread "G1 Young RemSet Sampling" [stack: 0x0000003e07000000,0x0000003e07100000] [id=7332]

Threads with active compile tasks:
C2 CompilerThread0   9866 8227       4       org.gradle.internal.snapshot.AbstractIncompleteSnapshotWithChildren::getSnapshot (15 bytes)
C1 CompilerThread0   9867 8342       3       org.gradle.internal.snapshot.MerkleDirectorySnapshotBuilder::<init> (43 bytes)
C2 CompilerThread1   9867 8139       4       org.apache.commons.io.FilenameUtils::doNormalize (534 bytes)

VM state:not at safepoint (normal execution)

VM Mutex/Monitor currently owned by a thread: None

Heap address: 0x0000000080000000, size: 2048 MB, Compressed Oops mode: 32-bit
Narrow klass base: 0x0000000000000000, Narrow klass shift: 3
Compressed class space size: 1073741824 Address: 0x0000000100000000

Heap:
 garbage-first heap   total 262144K, used 107023K [0x0000000080000000, 0x0000000100000000)
  region size 1024K, 60 young (61440K), 15 survivors (15360K)
 Metaspace       used 79290K, capacity 81124K, committed 81356K, reserved 1120256K
  class space    used 10255K, capacity 10916K, committed 10956K, reserved 1048576K
Heap Regions: E=young(eden), S=young(survivor), O=old, HS=humongous(starts), HC=humongous(continues), CS=collection set, F=free, A=archive, TAMS=top-at-mark-start (previous, next)
|   0|0x0000000080000000, 0x0000000080100000, 0x0000000080100000|100%| O|  |TAMS 0x0000000080100000, 0x0000000080000000| Untracked 
|   1|0x0000000080100000, 0x0000000080200000, 0x0000000080200000|100%| O|  |TAMS 0x0000000080200000, 0x0000000080100000| Untracked 
|   2|0x0000000080200000, 0x0000000080300000, 0x0000000080300000|100%| O|  |TAMS 0x0000000080300000, 0x0000000080200000| Untracked 
|   3|0x0000000080300000, 0x0000000080400000, 0x0000000080400000|100%|HS|  |TAMS 0x0000000080400000, 0x0000000080300000| Complete 
|   4|0x0000000080400000, 0x0000000080500000, 0x0000000080500000|100%|HC|  |TAMS 0x0000000080500000, 0x0000000080400000| Complete 
|   5|0x0000000080500000, 0x0000000080600000, 0x0000000080600000|100%|HC|  |TAMS 0x0000000080600000, 0x0000000080500000| Complete 
|   6|0x0000000080600000, 0x0000000080700000, 0x0000000080700000|100%| O|  |TAMS 0x0000000080700000, 0x0000000080600000| Untracked 
|   7|0x0000000080700000, 0x0000000080800000, 0x0000000080800000|100%| O|  |TAMS 0x0000000080800000, 0x0000000080700000| Untracked 
|   8|0x0000000080800000, 0x0000000080900000, 0x0000000080900000|100%| O|  |TAMS 0x0000000080900000, 0x0000000080800000| Untracked 
|   9|0x0000000080900000, 0x0000000080a00000, 0x0000000080a00000|100%| O|  |TAMS 0x0000000080a00000, 0x0000000080900000| Untracked 
|  10|0x0000000080a00000, 0x0000000080b00000, 0x0000000080b00000|100%| O|  |TAMS 0x0000000080b00000, 0x0000000080a00000| Untracked 
|  11|0x0000000080b00000, 0x0000000080c00000, 0x0000000080c00000|100%| O|  |TAMS 0x0000000080c00000, 0x0000000080b00000| Untracked 
|  12|0x0000000080c00000, 0x0000000080d00000, 0x0000000080d00000|100%| O|  |TAMS 0x0000000080d00000, 0x0000000080c00000| Untracked 
|  13|0x0000000080d00000, 0x0000000080e00000, 0x0000000080e00000|100%|HS|  |TAMS 0x0000000080e00000, 0x0000000080d00000| Complete 
|  14|0x0000000080e00000, 0x0000000080f00000, 0x0000000080f00000|100%|HS|  |TAMS 0x0000000080f00000, 0x0000000080e00000| Complete 
|  15|0x0000000080f00000, 0x0000000081000000, 0x0000000081000000|100%|HS|  |TAMS 0x0000000081000000, 0x0000000080f00000| Complete 
|  16|0x0000000081000000, 0x0000000081100000, 0x0000000081100000|100%|HC|  |TAMS 0x0000000081100000, 0x0000000081000000| Complete 
|  17|0x0000000081100000, 0x0000000081200000, 0x0000000081200000|100%| O|  |TAMS 0x0000000081200000, 0x0000000081100000| Untracked 
|  18|0x0000000081200000, 0x0000000081300000, 0x0000000081300000|100%| O|  |TAMS 0x0000000081300000, 0x0000000081200000| Untracked 
|  19|0x0000000081300000, 0x0000000081400000, 0x0000000081400000|100%| O|  |TAMS 0x0000000081400000, 0x0000000081300000| Untracked 
|  20|0x0000000081400000, 0x0000000081500000, 0x0000000081500000|100%|HS|  |TAMS 0x0000000081500000, 0x0000000081400000| Complete 
|  21|0x0000000081500000, 0x0000000081600000, 0x0000000081600000|100%|HC|  |TAMS 0x0000000081600000, 0x0000000081500000| Complete 
|  22|0x0000000081600000, 0x0000000081700000, 0x0000000081700000|100%|HC|  |TAMS 0x0000000081700000, 0x0000000081600000| Complete 
|  23|0x0000000081700000, 0x0000000081800000, 0x0000000081800000|100%| O|  |TAMS 0x0000000081800000, 0x0000000081700000| Untracked 
|  24|0x0000000081800000, 0x0000000081900000, 0x0000000081900000|100%| O|  |TAMS 0x0000000081900000, 0x0000000081800000| Untracked 
|  25|0x0000000081900000, 0x0000000081926c00, 0x0000000081a00000| 15%| O|  |TAMS 0x0000000081900000, 0x0000000081900000| Untracked 
|  26|0x0000000081a00000, 0x0000000081b00000, 0x0000000081b00000|100%| O|  |TAMS 0x0000000081b00000, 0x0000000081a00000| Untracked 
|  27|0x0000000081b00000, 0x0000000081c00000, 0x0000000081c00000|100%| O|  |TAMS 0x0000000081c00000, 0x0000000081b00000| Untracked 
|  28|0x0000000081c00000, 0x0000000081d00000, 0x0000000081d00000|100%| O|  |TAMS 0x0000000081d00000, 0x0000000081c00000| Untracked 
|  29|0x0000000081d00000, 0x0000000081e00000, 0x0000000081e00000|100%| O|  |TAMS 0x0000000081e00000, 0x0000000081d00000| Untracked 
|  30|0x0000000081e00000, 0x0000000081f00000, 0x0000000081f00000|100%| O|  |TAMS 0x0000000081f00000, 0x0000000081e00000| Untracked 
|  31|0x0000000081f00000, 0x0000000082000000, 0x0000000082000000|100%| O|  |TAMS 0x0000000082000000, 0x0000000081f00000| Untracked 
|  32|0x0000000082000000, 0x0000000082100000, 0x0000000082100000|100%| O|  |TAMS 0x0000000082100000, 0x0000000082000000| Untracked 
|  33|0x0000000082100000, 0x0000000082200000, 0x0000000082200000|100%| O|  |TAMS 0x0000000082200000, 0x0000000082100000| Untracked 
|  34|0x0000000082200000, 0x0000000082300000, 0x0000000082300000|100%| O|  |TAMS 0x0000000082300000, 0x0000000082200000| Untracked 
|  35|0x0000000082300000, 0x0000000082400000, 0x0000000082400000|100%| O|  |TAMS 0x0000000082400000, 0x0000000082300000| Untracked 
|  36|0x0000000082400000, 0x0000000082500000, 0x0000000082500000|100%| O|  |TAMS 0x0000000082500000, 0x0000000082400000| Untracked 
|  37|0x0000000082500000, 0x0000000082600000, 0x0000000082600000|100%| O|  |TAMS 0x0000000082600000, 0x0000000082500000| Untracked 
|  38|0x0000000082600000, 0x0000000082700000, 0x0000000082700000|100%| O|  |TAMS 0x0000000082700000, 0x0000000082600000| Untracked 
|  39|0x0000000082700000, 0x0000000082800000, 0x0000000082800000|100%| O|  |TAMS 0x0000000082800000, 0x0000000082700000| Untracked 
|  40|0x0000000082800000, 0x0000000082900000, 0x0000000082900000|100%| O|  |TAMS 0x0000000082900000, 0x0000000082800000| Untracked 
|  41|0x0000000082900000, 0x0000000082a00000, 0x0000000082a00000|100%| O|  |TAMS 0x0000000082a00000, 0x0000000082900000| Untracked 
|  42|0x0000000082a00000, 0x0000000082b00000, 0x0000000082b00000|100%| O|  |TAMS 0x0000000082b00000, 0x0000000082a00000| Untracked 
|  43|0x0000000082b00000, 0x0000000082c00000, 0x0000000082c00000|100%| O|  |TAMS 0x0000000082c00000, 0x0000000082b00000| Untracked 
|  44|0x0000000082c00000, 0x0000000082d00000, 0x0000000082d00000|100%| O|  |TAMS 0x0000000082d00000, 0x0000000082c00000| Untracked 
|  45|0x0000000082d00000, 0x0000000082e00000, 0x0000000082e00000|100%| O|  |TAMS 0x0000000082e00000, 0x0000000082d00000| Untracked 
|  46|0x0000000082e00000, 0x0000000082f00000, 0x0000000082f00000|100%| O|  |TAMS 0x0000000082e20a00, 0x0000000082e00000| Untracked 
|  47|0x0000000082f00000, 0x0000000082f00000, 0x0000000083000000|  0%| F|  |TAMS 0x0000000082f00000, 0x0000000082f00000| Untracked 
|  48|0x0000000083000000, 0x0000000083000000, 0x0000000083100000|  0%| F|  |TAMS 0x0000000083000000, 0x0000000083000000| Untracked 
|  49|0x0000000083100000, 0x0000000083100000, 0x0000000083200000|  0%| F|  |TAMS 0x0000000083100000, 0x0000000083100000| Untracked 
|  50|0x0000000083200000, 0x0000000083200000, 0x0000000083300000|  0%| F|  |TAMS 0x0000000083200000, 0x0000000083200000| Untracked 
|  51|0x0000000083300000, 0x0000000083300000, 0x0000000083400000|  0%| F|  |TAMS 0x0000000083300000, 0x0000000083300000| Untracked 
|  52|0x0000000083400000, 0x0000000083400000, 0x0000000083500000|  0%| F|  |TAMS 0x0000000083400000, 0x0000000083400000| Untracked 
|  53|0x0000000083500000, 0x0000000083500000, 0x0000000083600000|  0%| F|  |TAMS 0x0000000083500000, 0x0000000083500000| Untracked 
|  54|0x0000000083600000, 0x0000000083600000, 0x0000000083700000|  0%| F|  |TAMS 0x0000000083600000, 0x0000000083600000| Untracked 
|  55|0x0000000083700000, 0x0000000083700000, 0x0000000083800000|  0%| F|  |TAMS 0x0000000083700000, 0x0000000083700000| Untracked 
|  56|0x0000000083800000, 0x0000000083800000, 0x0000000083900000|  0%| F|  |TAMS 0x0000000083800000, 0x0000000083800000| Untracked 
|  57|0x0000000083900000, 0x0000000083900000, 0x0000000083a00000|  0%| F|  |TAMS 0x0000000083900000, 0x0000000083900000| Untracked 
|  58|0x0000000083a00000, 0x0000000083a00000, 0x0000000083b00000|  0%| F|  |TAMS 0x0000000083a00000, 0x0000000083a00000| Untracked 
|  59|0x0000000083b00000, 0x0000000083b00000, 0x0000000083c00000|  0%| F|  |TAMS 0x0000000083b00000, 0x0000000083b00000| Untracked 
|  60|0x0000000083c00000, 0x0000000083c00000, 0x0000000083d00000|  0%| F|  |TAMS 0x0000000083c00000, 0x0000000083c00000| Untracked 
|  61|0x0000000083d00000, 0x0000000083d00000, 0x0000000083e00000|  0%| F|  |TAMS 0x0000000083d00000, 0x0000000083d00000| Untracked 
|  62|0x0000000083e00000, 0x0000000083e00000, 0x0000000083f00000|  0%| F|  |TAMS 0x0000000083e00000, 0x0000000083e00000| Untracked 
|  63|0x0000000083f00000, 0x0000000083f00000, 0x0000000084000000|  0%| F|  |TAMS 0x0000000083f00000, 0x0000000083f00000| Untracked 
|  64|0x0000000084000000, 0x0000000084000000, 0x0000000084100000|  0%| F|  |TAMS 0x0000000084000000, 0x0000000084000000| Untracked 
|  65|0x0000000084100000, 0x0000000084100000, 0x0000000084200000|  0%| F|  |TAMS 0x0000000084100000, 0x0000000084100000| Untracked 
|  66|0x0000000084200000, 0x0000000084200000, 0x0000000084300000|  0%| F|  |TAMS 0x0000000084200000, 0x0000000084200000| Untracked 
|  67|0x0000000084300000, 0x0000000084300000, 0x0000000084400000|  0%| F|  |TAMS 0x0000000084300000, 0x0000000084300000| Untracked 
|  68|0x0000000084400000, 0x0000000084400000, 0x0000000084500000|  0%| F|  |TAMS 0x0000000084400000, 0x0000000084400000| Untracked 
|  69|0x0000000084500000, 0x0000000084500000, 0x0000000084600000|  0%| F|  |TAMS 0x0000000084500000, 0x0000000084500000| Untracked 
|  70|0x0000000084600000, 0x0000000084600000, 0x0000000084700000|  0%| F|  |TAMS 0x0000000084600000, 0x0000000084600000| Untracked 
|  71|0x0000000084700000, 0x0000000084700000, 0x0000000084800000|  0%| F|  |TAMS 0x0000000084700000, 0x0000000084700000| Untracked 
|  72|0x0000000084800000, 0x0000000084800000, 0x0000000084900000|  0%| F|  |TAMS 0x0000000084800000, 0x0000000084800000| Untracked 
|  73|0x0000000084900000, 0x0000000084900000, 0x0000000084a00000|  0%| F|  |TAMS 0x0000000084900000, 0x0000000084900000| Untracked 
|  74|0x0000000084a00000, 0x0000000084a00000, 0x0000000084b00000|  0%| F|  |TAMS 0x0000000084a00000, 0x0000000084a00000| Untracked 
|  75|0x0000000084b00000, 0x0000000084b00000, 0x0000000084c00000|  0%| F|  |TAMS 0x0000000084b00000, 0x0000000084b00000| Untracked 
|  76|0x0000000084c00000, 0x0000000084c00000, 0x0000000084d00000|  0%| F|  |TAMS 0x0000000084c00000, 0x0000000084c00000| Untracked 
|  77|0x0000000084d00000, 0x0000000084d00000, 0x0000000084e00000|  0%| F|  |TAMS 0x0000000084d00000, 0x0000000084d00000| Untracked 
|  78|0x0000000084e00000, 0x0000000084e00000, 0x0000000084f00000|  0%| F|  |TAMS 0x0000000084e00000, 0x0000000084e00000| Untracked 
|  79|0x0000000084f00000, 0x0000000084f00000, 0x0000000085000000|  0%| F|  |TAMS 0x0000000084f00000, 0x0000000084f00000| Untracked 
|  80|0x0000000085000000, 0x0000000085000000, 0x0000000085100000|  0%| F|  |TAMS 0x0000000085000000, 0x0000000085000000| Untracked 
|  81|0x0000000085100000, 0x0000000085100000, 0x0000000085200000|  0%| F|  |TAMS 0x0000000085100000, 0x0000000085100000| Untracked 
|  82|0x0000000085200000, 0x0000000085200000, 0x0000000085300000|  0%| F|  |TAMS 0x0000000085200000, 0x0000000085200000| Untracked 
|  83|0x0000000085300000, 0x0000000085300000, 0x0000000085400000|  0%| F|  |TAMS 0x0000000085300000, 0x0000000085300000| Untracked 
|  84|0x0000000085400000, 0x0000000085400000, 0x0000000085500000|  0%| F|  |TAMS 0x0000000085400000, 0x0000000085400000| Untracked 
|  85|0x0000000085500000, 0x0000000085500000, 0x0000000085600000|  0%| F|  |TAMS 0x0000000085500000, 0x0000000085500000| Untracked 
|  86|0x0000000085600000, 0x0000000085600000, 0x0000000085700000|  0%| F|  |TAMS 0x0000000085600000, 0x0000000085600000| Untracked 
|  87|0x0000000085700000, 0x0000000085700000, 0x0000000085800000|  0%| F|  |TAMS 0x0000000085700000, 0x0000000085700000| Untracked 
|  88|0x0000000085800000, 0x0000000085800000, 0x0000000085900000|  0%| F|  |TAMS 0x0000000085800000, 0x0000000085800000| Untracked 
|  89|0x0000000085900000, 0x0000000085900000, 0x0000000085a00000|  0%| F|  |TAMS 0x0000000085900000, 0x0000000085900000| Untracked 
|  90|0x0000000085a00000, 0x0000000085a00000, 0x0000000085b00000|  0%| F|  |TAMS 0x0000000085a00000, 0x0000000085a00000| Untracked 
|  91|0x0000000085b00000, 0x0000000085b00000, 0x0000000085c00000|  0%| F|  |TAMS 0x0000000085b00000, 0x0000000085b00000| Untracked 
|  92|0x0000000085c00000, 0x0000000085c00000, 0x0000000085d00000|  0%| F|  |TAMS 0x0000000085c00000, 0x0000000085c00000| Untracked 
|  93|0x0000000085d00000, 0x0000000085d00000, 0x0000000085e00000|  0%| F|  |TAMS 0x0000000085d00000, 0x0000000085d00000| Untracked 
|  94|0x0000000085e00000, 0x0000000085e00000, 0x0000000085f00000|  0%| F|  |TAMS 0x0000000085e00000, 0x0000000085e00000| Untracked 
|  95|0x0000000085f00000, 0x0000000085f00000, 0x0000000086000000|  0%| F|  |TAMS 0x0000000085f00000, 0x0000000085f00000| Untracked 
|  96|0x0000000086000000, 0x0000000086000000, 0x0000000086100000|  0%| F|  |TAMS 0x0000000086000000, 0x0000000086000000| Untracked 
|  97|0x0000000086100000, 0x0000000086100000, 0x0000000086200000|  0%| F|  |TAMS 0x0000000086100000, 0x0000000086100000| Untracked 
|  98|0x0000000086200000, 0x0000000086200000, 0x0000000086300000|  0%| F|  |TAMS 0x0000000086200000, 0x0000000086200000| Untracked 
|  99|0x0000000086300000, 0x0000000086300000, 0x0000000086400000|  0%| F|  |TAMS 0x0000000086300000, 0x0000000086300000| Untracked 
| 100|0x0000000086400000, 0x0000000086400000, 0x0000000086500000|  0%| F|  |TAMS 0x0000000086400000, 0x0000000086400000| Untracked 
| 101|0x0000000086500000, 0x0000000086500000, 0x0000000086600000|  0%| F|  |TAMS 0x0000000086500000, 0x0000000086500000| Untracked 
| 102|0x0000000086600000, 0x0000000086600000, 0x0000000086700000|  0%| F|  |TAMS 0x0000000086600000, 0x0000000086600000| Untracked 
| 103|0x0000000086700000, 0x0000000086700000, 0x0000000086800000|  0%| F|  |TAMS 0x0000000086700000, 0x0000000086700000| Untracked 
| 104|0x0000000086800000, 0x0000000086800000, 0x0000000086900000|  0%| F|  |TAMS 0x0000000086800000, 0x0000000086800000| Untracked 
| 105|0x0000000086900000, 0x0000000086900000, 0x0000000086a00000|  0%| F|  |TAMS 0x0000000086900000, 0x0000000086900000| Untracked 
| 106|0x0000000086a00000, 0x0000000086a00000, 0x0000000086b00000|  0%| F|  |TAMS 0x0000000086a00000, 0x0000000086a00000| Untracked 
| 107|0x0000000086b00000, 0x0000000086b00000, 0x0000000086c00000|  0%| F|  |TAMS 0x0000000086b00000, 0x0000000086b00000| Untracked 
| 108|0x0000000086c00000, 0x0000000086c00000, 0x0000000086d00000|  0%| F|  |TAMS 0x0000000086c00000, 0x0000000086c00000| Untracked 
| 109|0x0000000086d00000, 0x0000000086d00000, 0x0000000086e00000|  0%| F|  |TAMS 0x0000000086d00000, 0x0000000086d00000| Untracked 
| 110|0x0000000086e00000, 0x0000000086e00000, 0x0000000086f00000|  0%| F|  |TAMS 0x0000000086e00000, 0x0000000086e00000| Untracked 
| 111|0x0000000086f00000, 0x0000000086f00000, 0x0000000087000000|  0%| F|  |TAMS 0x0000000086f00000, 0x0000000086f00000| Untracked 
| 112|0x0000000087000000, 0x0000000087000000, 0x0000000087100000|  0%| F|  |TAMS 0x0000000087000000, 0x0000000087000000| Untracked 
| 113|0x0000000087100000, 0x0000000087100000, 0x0000000087200000|  0%| F|  |TAMS 0x0000000087100000, 0x0000000087100000| Untracked 
| 114|0x0000000087200000, 0x0000000087200000, 0x0000000087300000|  0%| F|  |TAMS 0x0000000087200000, 0x0000000087200000| Untracked 
| 115|0x0000000087300000, 0x0000000087300000, 0x0000000087400000|  0%| F|  |TAMS 0x0000000087300000, 0x0000000087300000| Untracked 
| 116|0x0000000087400000, 0x0000000087400000, 0x0000000087500000|  0%| F|  |TAMS 0x0000000087400000, 0x0000000087400000| Untracked 
| 117|0x0000000087500000, 0x0000000087500000, 0x0000000087600000|  0%| F|  |TAMS 0x0000000087500000, 0x0000000087500000| Untracked 
| 118|0x0000000087600000, 0x0000000087600000, 0x0000000087700000|  0%| F|  |TAMS 0x0000000087600000, 0x0000000087600000| Untracked 
| 119|0x0000000087700000, 0x0000000087700000, 0x0000000087800000|  0%| F|  |TAMS 0x0000000087700000, 0x0000000087700000| Untracked 
| 120|0x0000000087800000, 0x0000000087800000, 0x0000000087900000|  0%| F|  |TAMS 0x0000000087800000, 0x0000000087800000| Untracked 
| 121|0x0000000087900000, 0x000000008795d230, 0x0000000087a00000| 36%| S|CS|TAMS 0x0000000087900000, 0x0000000087900000| Complete 
| 122|0x0000000087a00000, 0x0000000087b00000, 0x0000000087b00000|100%| S|CS|TAMS 0x0000000087a00000, 0x0000000087a00000| Complete 
| 123|0x0000000087b00000, 0x0000000087c00000, 0x0000000087c00000|100%| S|CS|TAMS 0x0000000087b00000, 0x0000000087b00000| Complete 
| 124|0x0000000087c00000, 0x0000000087d00000, 0x0000000087d00000|100%| S|CS|TAMS 0x0000000087c00000, 0x0000000087c00000| Complete 
| 125|0x0000000087d00000, 0x0000000087e00000, 0x0000000087e00000|100%| S|CS|TAMS 0x0000000087d00000, 0x0000000087d00000| Complete 
| 126|0x0000000087e00000, 0x0000000087f00000, 0x0000000087f00000|100%| S|CS|TAMS 0x0000000087e00000, 0x0000000087e00000| Complete 
| 127|0x0000000087f00000, 0x0000000088000000, 0x0000000088000000|100%| S|CS|TAMS 0x0000000087f00000, 0x0000000087f00000| Complete 
| 128|0x0000000088000000, 0x0000000088100000, 0x0000000088100000|100%| S|CS|TAMS 0x0000000088000000, 0x0000000088000000| Complete 
| 129|0x0000000088100000, 0x0000000088200000, 0x0000000088200000|100%| S|CS|TAMS 0x0000000088100000, 0x0000000088100000| Complete 
| 130|0x0000000088200000, 0x0000000088300000, 0x0000000088300000|100%| S|CS|TAMS 0x0000000088200000, 0x0000000088200000| Complete 
| 131|0x0000000088300000, 0x0000000088400000, 0x0000000088400000|100%| S|CS|TAMS 0x0000000088300000, 0x0000000088300000| Complete 
| 132|0x0000000088400000, 0x0000000088500000, 0x0000000088500000|100%| S|CS|TAMS 0x0000000088400000, 0x0000000088400000| Complete 
| 133|0x0000000088500000, 0x0000000088600000, 0x0000000088600000|100%| S|CS|TAMS 0x0000000088500000, 0x0000000088500000| Complete 
| 134|0x0000000088600000, 0x0000000088700000, 0x0000000088700000|100%| S|CS|TAMS 0x0000000088600000, 0x0000000088600000| Complete 
| 135|0x0000000088700000, 0x0000000088800000, 0x0000000088800000|100%| S|CS|TAMS 0x0000000088700000, 0x0000000088700000| Complete 
| 136|0x0000000088800000, 0x0000000088800000, 0x0000000088900000|  0%| F|  |TAMS 0x0000000088800000, 0x0000000088800000| Untracked 
| 137|0x0000000088900000, 0x0000000088900000, 0x0000000088a00000|  0%| F|  |TAMS 0x0000000088900000, 0x0000000088900000| Untracked 
| 138|0x0000000088a00000, 0x0000000088a00000, 0x0000000088b00000|  0%| F|  |TAMS 0x0000000088a00000, 0x0000000088a00000| Untracked 
| 139|0x0000000088b00000, 0x0000000088b00000, 0x0000000088c00000|  0%| F|  |TAMS 0x0000000088b00000, 0x0000000088b00000| Untracked 
| 140|0x0000000088c00000, 0x0000000088c00000, 0x0000000088d00000|  0%| F|  |TAMS 0x0000000088c00000, 0x0000000088c00000| Untracked 
| 141|0x0000000088d00000, 0x0000000088d00000, 0x0000000088e00000|  0%| F|  |TAMS 0x0000000088d00000, 0x0000000088d00000| Untracked 
| 142|0x0000000088e00000, 0x0000000088e00000, 0x0000000088f00000|  0%| F|  |TAMS 0x0000000088e00000, 0x0000000088e00000| Untracked 
| 143|0x0000000088f00000, 0x0000000088f00000, 0x0000000089000000|  0%| F|  |TAMS 0x0000000088f00000, 0x0000000088f00000| Untracked 
| 144|0x0000000089000000, 0x0000000089000000, 0x0000000089100000|  0%| F|  |TAMS 0x0000000089000000, 0x0000000089000000| Untracked 
| 145|0x0000000089100000, 0x0000000089100000, 0x0000000089200000|  0%| F|  |TAMS 0x0000000089100000, 0x0000000089100000| Untracked 
| 146|0x0000000089200000, 0x0000000089200000, 0x0000000089300000|  0%| F|  |TAMS 0x0000000089200000, 0x0000000089200000| Untracked 
| 147|0x0000000089300000, 0x0000000089300000, 0x0000000089400000|  0%| F|  |TAMS 0x0000000089300000, 0x0000000089300000| Untracked 
| 148|0x0000000089400000, 0x0000000089400000, 0x0000000089500000|  0%| F|  |TAMS 0x0000000089400000, 0x0000000089400000| Untracked 
| 149|0x0000000089500000, 0x0000000089500000, 0x0000000089600000|  0%| F|  |TAMS 0x0000000089500000, 0x0000000089500000| Untracked 
| 150|0x0000000089600000, 0x0000000089600000, 0x0000000089700000|  0%| F|  |TAMS 0x0000000089600000, 0x0000000089600000| Untracked 
| 151|0x0000000089700000, 0x0000000089700000, 0x0000000089800000|  0%| F|  |TAMS 0x0000000089700000, 0x0000000089700000| Untracked 
| 152|0x0000000089800000, 0x0000000089800000, 0x0000000089900000|  0%| F|  |TAMS 0x0000000089800000, 0x0000000089800000| Untracked 
| 153|0x0000000089900000, 0x0000000089900000, 0x0000000089a00000|  0%| F|  |TAMS 0x0000000089900000, 0x0000000089900000| Untracked 
| 154|0x0000000089a00000, 0x0000000089a00000, 0x0000000089b00000|  0%| F|  |TAMS 0x0000000089a00000, 0x0000000089a00000| Untracked 
| 155|0x0000000089b00000, 0x0000000089b00000, 0x0000000089c00000|  0%| F|  |TAMS 0x0000000089b00000, 0x0000000089b00000| Untracked 
| 156|0x0000000089c00000, 0x0000000089c00000, 0x0000000089d00000|  0%| F|  |TAMS 0x0000000089c00000, 0x0000000089c00000| Untracked 
| 157|0x0000000089d00000, 0x0000000089d00000, 0x0000000089e00000|  0%| F|  |TAMS 0x0000000089d00000, 0x0000000089d00000| Untracked 
| 158|0x0000000089e00000, 0x0000000089e00000, 0x0000000089f00000|  0%| F|  |TAMS 0x0000000089e00000, 0x0000000089e00000| Untracked 
| 159|0x0000000089f00000, 0x0000000089f00000, 0x000000008a000000|  0%| F|  |TAMS 0x0000000089f00000, 0x0000000089f00000| Untracked 
| 160|0x000000008a000000, 0x000000008a000000, 0x000000008a100000|  0%| F|  |TAMS 0x000000008a000000, 0x000000008a000000| Untracked 
| 161|0x000000008a100000, 0x000000008a100000, 0x000000008a200000|  0%| F|  |TAMS 0x000000008a100000, 0x000000008a100000| Untracked 
| 162|0x000000008a200000, 0x000000008a200000, 0x000000008a300000|  0%| F|  |TAMS 0x000000008a200000, 0x000000008a200000| Untracked 
| 163|0x000000008a300000, 0x000000008a300000, 0x000000008a400000|  0%| F|  |TAMS 0x000000008a300000, 0x000000008a300000| Untracked 
| 164|0x000000008a400000, 0x000000008a400000, 0x000000008a500000|  0%| F|  |TAMS 0x000000008a400000, 0x000000008a400000| Untracked 
| 165|0x000000008a500000, 0x000000008a500000, 0x000000008a600000|  0%| F|  |TAMS 0x000000008a500000, 0x000000008a500000| Untracked 
| 166|0x000000008a600000, 0x000000008a600000, 0x000000008a700000|  0%| F|  |TAMS 0x000000008a600000, 0x000000008a600000| Untracked 
| 167|0x000000008a700000, 0x000000008a700000, 0x000000008a800000|  0%| F|  |TAMS 0x000000008a700000, 0x000000008a700000| Untracked 
| 168|0x000000008a800000, 0x000000008a800000, 0x000000008a900000|  0%| F|  |TAMS 0x000000008a800000, 0x000000008a800000| Untracked 
| 169|0x000000008a900000, 0x000000008a900000, 0x000000008aa00000|  0%| F|  |TAMS 0x000000008a900000, 0x000000008a900000| Untracked 
| 170|0x000000008aa00000, 0x000000008aa00000, 0x000000008ab00000|  0%| F|  |TAMS 0x000000008aa00000, 0x000000008aa00000| Untracked 
| 171|0x000000008ab00000, 0x000000008ab00000, 0x000000008ac00000|  0%| F|  |TAMS 0x000000008ab00000, 0x000000008ab00000| Untracked 
| 172|0x000000008ac00000, 0x000000008ac00000, 0x000000008ad00000|  0%| F|  |TAMS 0x000000008ac00000, 0x000000008ac00000| Untracked 
| 173|0x000000008ad00000, 0x000000008ad00000, 0x000000008ae00000|  0%| F|  |TAMS 0x000000008ad00000, 0x000000008ad00000| Untracked 
| 174|0x000000008ae00000, 0x000000008ae00000, 0x000000008af00000|  0%| F|  |TAMS 0x000000008ae00000, 0x000000008ae00000| Untracked 
| 175|0x000000008af00000, 0x000000008af00000, 0x000000008b000000|  0%| F|  |TAMS 0x000000008af00000, 0x000000008af00000| Untracked 
| 176|0x000000008b000000, 0x000000008b000000, 0x000000008b100000|  0%| F|  |TAMS 0x000000008b000000, 0x000000008b000000| Untracked 
| 177|0x000000008b100000, 0x000000008b100000, 0x000000008b200000|  0%| F|  |TAMS 0x000000008b100000, 0x000000008b100000| Untracked 
| 178|0x000000008b200000, 0x000000008b200000, 0x000000008b300000|  0%| F|  |TAMS 0x000000008b200000, 0x000000008b200000| Untracked 
| 179|0x000000008b300000, 0x000000008b300000, 0x000000008b400000|  0%| F|  |TAMS 0x000000008b300000, 0x000000008b300000| Untracked 
| 180|0x000000008b400000, 0x000000008b400000, 0x000000008b500000|  0%| F|  |TAMS 0x000000008b400000, 0x000000008b400000| Untracked 
| 181|0x000000008b500000, 0x000000008b500000, 0x000000008b600000|  0%| F|  |TAMS 0x000000008b500000, 0x000000008b500000| Untracked 
| 182|0x000000008b600000, 0x000000008b600000, 0x000000008b700000|  0%| F|  |TAMS 0x000000008b600000, 0x000000008b600000| Untracked 
| 183|0x000000008b700000, 0x000000008b700000, 0x000000008b800000|  0%| F|  |TAMS 0x000000008b700000, 0x000000008b700000| Untracked 
| 184|0x000000008b800000, 0x000000008b800000, 0x000000008b900000|  0%| F|  |TAMS 0x000000008b800000, 0x000000008b800000| Untracked 
| 185|0x000000008b900000, 0x000000008b900000, 0x000000008ba00000|  0%| F|  |TAMS 0x000000008b900000, 0x000000008b900000| Untracked 
| 186|0x000000008ba00000, 0x000000008ba00000, 0x000000008bb00000|  0%| F|  |TAMS 0x000000008ba00000, 0x000000008ba00000| Untracked 
| 187|0x000000008bb00000, 0x000000008bb00000, 0x000000008bc00000|  0%| F|  |TAMS 0x000000008bb00000, 0x000000008bb00000| Untracked 
| 188|0x000000008bc00000, 0x000000008bc00000, 0x000000008bd00000|  0%| F|  |TAMS 0x000000008bc00000, 0x000000008bc00000| Untracked 
| 189|0x000000008bd00000, 0x000000008bd00000, 0x000000008be00000|  0%| F|  |TAMS 0x000000008bd00000, 0x000000008bd00000| Untracked 
| 190|0x000000008be00000, 0x000000008be00000, 0x000000008bf00000|  0%| F|  |TAMS 0x000000008be00000, 0x000000008be00000| Untracked 
| 191|0x000000008bf00000, 0x000000008bf00000, 0x000000008c000000|  0%| F|  |TAMS 0x000000008bf00000, 0x000000008bf00000| Untracked 
| 192|0x000000008c000000, 0x000000008c000000, 0x000000008c100000|  0%| F|  |TAMS 0x000000008c000000, 0x000000008c000000| Untracked 
| 193|0x000000008c100000, 0x000000008c100000, 0x000000008c200000|  0%| F|  |TAMS 0x000000008c100000, 0x000000008c100000| Untracked 
| 194|0x000000008c200000, 0x000000008c200000, 0x000000008c300000|  0%| F|  |TAMS 0x000000008c200000, 0x000000008c200000| Untracked 
| 195|0x000000008c300000, 0x000000008c300000, 0x000000008c400000|  0%| F|  |TAMS 0x000000008c300000, 0x000000008c300000| Untracked 
| 196|0x000000008c400000, 0x000000008c400000, 0x000000008c500000|  0%| F|  |TAMS 0x000000008c400000, 0x000000008c400000| Untracked 
| 197|0x000000008c500000, 0x000000008c500000, 0x000000008c600000|  0%| F|  |TAMS 0x000000008c500000, 0x000000008c500000| Untracked 
| 198|0x000000008c600000, 0x000000008c600000, 0x000000008c700000|  0%| F|  |TAMS 0x000000008c600000, 0x000000008c600000| Untracked 
| 199|0x000000008c700000, 0x000000008c700000, 0x000000008c800000|  0%| F|  |TAMS 0x000000008c700000, 0x000000008c700000| Untracked 
| 200|0x000000008c800000, 0x000000008c800000, 0x000000008c900000|  0%| F|  |TAMS 0x000000008c800000, 0x000000008c800000| Untracked 
| 201|0x000000008c900000, 0x000000008c900000, 0x000000008ca00000|  0%| F|  |TAMS 0x000000008c900000, 0x000000008c900000| Untracked 
| 202|0x000000008ca00000, 0x000000008ca00000, 0x000000008cb00000|  0%| F|  |TAMS 0x000000008ca00000, 0x000000008ca00000| Untracked 
| 203|0x000000008cb00000, 0x000000008cb00000, 0x000000008cc00000|  0%| F|  |TAMS 0x000000008cb00000, 0x000000008cb00000| Untracked 
| 204|0x000000008cc00000, 0x000000008cc00000, 0x000000008cd00000|  0%| F|  |TAMS 0x000000008cc00000, 0x000000008cc00000| Untracked 
| 205|0x000000008cd00000, 0x000000008cd00000, 0x000000008ce00000|  0%| F|  |TAMS 0x000000008cd00000, 0x000000008cd00000| Untracked 
| 206|0x000000008ce00000, 0x000000008ce00000, 0x000000008cf00000|  0%| F|  |TAMS 0x000000008ce00000, 0x000000008ce00000| Untracked 
| 207|0x000000008cf00000, 0x000000008cf00000, 0x000000008d000000|  0%| F|  |TAMS 0x000000008cf00000, 0x000000008cf00000| Untracked 
| 208|0x000000008d000000, 0x000000008d000000, 0x000000008d100000|  0%| F|  |TAMS 0x000000008d000000, 0x000000008d000000| Untracked 
| 209|0x000000008d100000, 0x000000008d100000, 0x000000008d200000|  0%| F|  |TAMS 0x000000008d100000, 0x000000008d100000| Untracked 
| 210|0x000000008d200000, 0x000000008d224380, 0x000000008d300000| 14%| E|  |TAMS 0x000000008d200000, 0x000000008d200000| Complete 
| 211|0x000000008d300000, 0x000000008d400000, 0x000000008d400000|100%| E|CS|TAMS 0x000000008d300000, 0x000000008d300000| Complete 
| 212|0x000000008d400000, 0x000000008d500000, 0x000000008d500000|100%| E|CS|TAMS 0x000000008d400000, 0x000000008d400000| Complete 
| 213|0x000000008d500000, 0x000000008d600000, 0x000000008d600000|100%| E|CS|TAMS 0x000000008d500000, 0x000000008d500000| Complete 
| 214|0x000000008d600000, 0x000000008d700000, 0x000000008d700000|100%| E|CS|TAMS 0x000000008d600000, 0x000000008d600000| Complete 
| 215|0x000000008d700000, 0x000000008d800000, 0x000000008d800000|100%| E|CS|TAMS 0x000000008d700000, 0x000000008d700000| Complete 
| 216|0x000000008d800000, 0x000000008d900000, 0x000000008d900000|100%| E|CS|TAMS 0x000000008d800000, 0x000000008d800000| Complete 
| 217|0x000000008d900000, 0x000000008da00000, 0x000000008da00000|100%| E|CS|TAMS 0x000000008d900000, 0x000000008d900000| Complete 
| 218|0x000000008da00000, 0x000000008db00000, 0x000000008db00000|100%| E|CS|TAMS 0x000000008da00000, 0x000000008da00000| Complete 
| 219|0x000000008db00000, 0x000000008dc00000, 0x000000008dc00000|100%| E|CS|TAMS 0x000000008db00000, 0x000000008db00000| Complete 
| 220|0x000000008dc00000, 0x000000008dd00000, 0x000000008dd00000|100%| E|CS|TAMS 0x000000008dc00000, 0x000000008dc00000| Complete 
| 221|0x000000008dd00000, 0x000000008de00000, 0x000000008de00000|100%| E|CS|TAMS 0x000000008dd00000, 0x000000008dd00000| Complete 
| 222|0x000000008de00000, 0x000000008df00000, 0x000000008df00000|100%| E|CS|TAMS 0x000000008de00000, 0x000000008de00000| Complete 
| 223|0x000000008df00000, 0x000000008e000000, 0x000000008e000000|100%| E|CS|TAMS 0x000000008df00000, 0x000000008df00000| Complete 
| 224|0x000000008e000000, 0x000000008e100000, 0x000000008e100000|100%| E|CS|TAMS 0x000000008e000000, 0x000000008e000000| Complete 
| 225|0x000000008e100000, 0x000000008e200000, 0x000000008e200000|100%| E|CS|TAMS 0x000000008e100000, 0x000000008e100000| Complete 
| 226|0x000000008e200000, 0x000000008e300000, 0x000000008e300000|100%| E|CS|TAMS 0x000000008e200000, 0x000000008e200000| Complete 
| 227|0x000000008e300000, 0x000000008e400000, 0x000000008e400000|100%| E|CS|TAMS 0x000000008e300000, 0x000000008e300000| Complete 
| 228|0x000000008e400000, 0x000000008e500000, 0x000000008e500000|100%| E|CS|TAMS 0x000000008e400000, 0x000000008e400000| Complete 
| 229|0x000000008e500000, 0x000000008e600000, 0x000000008e600000|100%| E|CS|TAMS 0x000000008e500000, 0x000000008e500000| Complete 
| 230|0x000000008e600000, 0x000000008e700000, 0x000000008e700000|100%| E|CS|TAMS 0x000000008e600000, 0x000000008e600000| Complete 
| 231|0x000000008e700000, 0x000000008e800000, 0x000000008e800000|100%| E|CS|TAMS 0x000000008e700000, 0x000000008e700000| Complete 
| 232|0x000000008e800000, 0x000000008e900000, 0x000000008e900000|100%| E|CS|TAMS 0x000000008e800000, 0x000000008e800000| Complete 
| 233|0x000000008e900000, 0x000000008ea00000, 0x000000008ea00000|100%| E|CS|TAMS 0x000000008e900000, 0x000000008e900000| Complete 
| 234|0x000000008ea00000, 0x000000008eb00000, 0x000000008eb00000|100%| E|CS|TAMS 0x000000008ea00000, 0x000000008ea00000| Complete 
| 235|0x000000008eb00000, 0x000000008ec00000, 0x000000008ec00000|100%| E|CS|TAMS 0x000000008eb00000, 0x000000008eb00000| Complete 
| 236|0x000000008ec00000, 0x000000008ed00000, 0x000000008ed00000|100%| E|CS|TAMS 0x000000008ec00000, 0x000000008ec00000| Complete 
| 237|0x000000008ed00000, 0x000000008ee00000, 0x000000008ee00000|100%| E|CS|TAMS 0x000000008ed00000, 0x000000008ed00000| Complete 
| 238|0x000000008ee00000, 0x000000008ef00000, 0x000000008ef00000|100%| E|CS|TAMS 0x000000008ee00000, 0x000000008ee00000| Complete 
| 239|0x000000008ef00000, 0x000000008f000000, 0x000000008f000000|100%| E|CS|TAMS 0x000000008ef00000, 0x000000008ef00000| Complete 
| 240|0x000000008f000000, 0x000000008f100000, 0x000000008f100000|100%| E|CS|TAMS 0x000000008f000000, 0x000000008f000000| Complete 
| 241|0x000000008f100000, 0x000000008f200000, 0x000000008f200000|100%| E|CS|TAMS 0x000000008f100000, 0x000000008f100000| Complete 
| 242|0x000000008f200000, 0x000000008f300000, 0x000000008f300000|100%| E|CS|TAMS 0x000000008f200000, 0x000000008f200000| Complete 
| 243|0x000000008f300000, 0x000000008f400000, 0x000000008f400000|100%| E|CS|TAMS 0x000000008f300000, 0x000000008f300000| Complete 
| 244|0x000000008f400000, 0x000000008f500000, 0x000000008f500000|100%| E|CS|TAMS 0x000000008f400000, 0x000000008f400000| Complete 
| 245|0x000000008f500000, 0x000000008f600000, 0x000000008f600000|100%| E|CS|TAMS 0x000000008f500000, 0x000000008f500000| Complete 
| 246|0x000000008f600000, 0x000000008f700000, 0x000000008f700000|100%| E|CS|TAMS 0x000000008f600000, 0x000000008f600000| Complete 
| 247|0x000000008f700000, 0x000000008f800000, 0x000000008f800000|100%| E|CS|TAMS 0x000000008f700000, 0x000000008f700000| Complete 
| 248|0x000000008f800000, 0x000000008f900000, 0x000000008f900000|100%| E|CS|TAMS 0x000000008f800000, 0x000000008f800000| Complete 
| 249|0x000000008f900000, 0x000000008fa00000, 0x000000008fa00000|100%| E|CS|TAMS 0x000000008f900000, 0x000000008f900000| Complete 
| 250|0x000000008fa00000, 0x000000008fb00000, 0x000000008fb00000|100%| E|CS|TAMS 0x000000008fa00000, 0x000000008fa00000| Complete 
| 251|0x000000008fb00000, 0x000000008fc00000, 0x000000008fc00000|100%| E|CS|TAMS 0x000000008fb00000, 0x000000008fb00000| Complete 
| 252|0x000000008fc00000, 0x000000008fd00000, 0x000000008fd00000|100%| E|CS|TAMS 0x000000008fc00000, 0x000000008fc00000| Complete 
| 253|0x000000008fd00000, 0x000000008fe00000, 0x000000008fe00000|100%| E|CS|TAMS 0x000000008fd00000, 0x000000008fd00000| Complete 
| 254|0x000000008fe00000, 0x000000008ff00000, 0x000000008ff00000|100%| E|CS|TAMS 0x000000008fe00000, 0x000000008fe00000| Complete 
| 255|0x000000008ff00000, 0x0000000090000000, 0x0000000090000000|100%| E|CS|TAMS 0x000000008ff00000, 0x000000008ff00000| Complete 

Card table byte_map: [0x00000218b6830000,0x00000218b6c30000] _byte_map_base: 0x00000218b6430000

Marking Bits (Prev, Next): (CMBitMap*) 0x00000218a3358ee8, (CMBitMap*) 0x00000218a3358f20
 Prev Bits: [0x00000218b7030000, 0x00000218b9030000)
 Next Bits: [0x00000218b9030000, 0x00000218bb030000)

Polling page: 0x00000218a1990000

Metaspace:

Usage:
  Non-class:     68.56 MB capacity,    67.42 MB ( 98%) used,   978.24 KB (  1%) free+waste,   192.13 KB ( <1%) overhead. 
      Class:     10.66 MB capacity,    10.02 MB ( 94%) used,   572.79 KB (  5%) free+waste,    87.75 KB ( <1%) overhead. 
       Both:     79.22 MB capacity,    77.43 MB ( 98%) used,     1.51 MB (  2%) free+waste,   279.88 KB ( <1%) overhead. 

Virtual space:
  Non-class space:       70.00 MB reserved,      68.75 MB ( 98%) committed 
      Class space:        1.00 GB reserved,      10.70 MB (  1%) committed 
             Both:        1.07 GB reserved,      79.45 MB (  7%) committed 

Chunk freelists:
   Non-Class:  0 bytes
       Class:  0 bytes
        Both:  0 bytes

MaxMetaspaceSize: 17179869184.00 GB
CompressedClassSpaceSize: 1.00 GB

CodeHeap 'non-profiled nmethods': size=120064Kb used=4755Kb max_used=4755Kb free=115308Kb
 bounds [0x00000218ae8d0000, 0x00000218aed80000, 0x00000218b5e10000]
CodeHeap 'profiled nmethods': size=120000Kb used=18082Kb max_used=18082Kb free=101917Kb
 bounds [0x00000218a73a0000, 0x00000218a8550000, 0x00000218ae8d0000]
CodeHeap 'non-nmethods': size=5696Kb used=2249Kb max_used=2293Kb free=3447Kb
 bounds [0x00000218a6e10000, 0x00000218a7080000, 0x00000218a73a0000]
 total_blobs=9152 nmethods=8316 adapters=747
 compilation: enabled
              stopped_count=0, restarted_count=0
 full_count=0

Compilation events (20 events):
Event: 9.825 Thread 0x00000218bdeea000 8314       3       org.gradle.api.internal.artifacts.transform.DefaultTransformerInvocationFactory::doTransform (30 bytes)
Event: 9.825 Thread 0x00000218bdeea000 nmethod 8314 0x00000218a852fb10 code [0x00000218a852fd20, 0x00000218a8530398]
Event: 9.825 Thread 0x00000218bdeea000 8315       3       org.gradle.api.internal.artifacts.transform.DefaultTransformerInvocationFactory$$Lambda$672/0x0000000100aa1c40::get$Lambda (24 bytes)
Event: 9.825 Thread 0x00000218bdeea000 nmethod 8315 0x00000218a8530690 code [0x00000218a8530840, 0x00000218a8530a48]
Event: 9.825 Thread 0x00000218bdeea000 8316       3       org.gradle.api.internal.artifacts.transform.AbstractCachingTransformationWorkspaceProvider$$Lambda$673/0x0000000100aa2040::get$Lambda (11 bytes)
Event: 9.826 Thread 0x00000218bdeea000 nmethod 8316 0x00000218a8530b90 code [0x00000218a8530d60, 0x00000218a8531078]
Event: 9.826 Thread 0x00000218bdeea000 8317       3       sun.nio.ch.IOUtil::readIntoNativeBuffer (157 bytes)
Event: 9.826 Thread 0x00000218bdeea000 nmethod 8317 0x00000218a8531190 code [0x00000218a85313e0, 0x00000218a8531d28]
Event: 9.828 Thread 0x00000218bdeea000 8319   !   3       sun.nio.ch.IOUtil::read (129 bytes)
Event: 9.828 Thread 0x00000218bdeea000 nmethod 8319 0x00000218a8532010 code [0x00000218a8532280, 0x00000218a8532b48]
Event: 9.828 Thread 0x00000218bdeea000 8320       3       sun.nio.ch.FileDispatcherImpl::read (8 bytes)
Event: 9.828 Thread 0x00000218bdeea000 nmethod 8320 0x00000218a8532f10 code [0x00000218a85330c0, 0x00000218a85331e8]
Event: 9.829 Thread 0x00000218bdeea000 8321   !   3       sun.nio.ch.ChannelInputStream::read (95 bytes)
Event: 9.829 Thread 0x00000218bdeea000 nmethod 8321 0x00000218a8533290 code [0x00000218a85334e0, 0x00000218a8533f48]
Event: 9.835 Thread 0x00000218bdeea000 8323       3       org.gradle.internal.operations.BuildOperationDescriptor$Builder::metadata (7 bytes)
Event: 9.835 Thread 0x00000218bdeea000 nmethod 8323 0x00000218a8534310 code [0x00000218a85344c0, 0x00000218a8534618]
Event: 9.836 Thread 0x00000218bdeea000 8324       3       java.nio.channels.spi.AbstractInterruptibleChannel::<init> (16 bytes)
Event: 9.836 Thread 0x00000218bdeea000 nmethod 8324 0x00000218a8534690 code [0x00000218a8534860, 0x00000218a8534ad8]
Event: 9.836 Thread 0x00000218bdeea000 8325  s    3       sun.nio.ch.ChannelInputStream::read (77 bytes)
Event: 9.837 Thread 0x00000218bdeea000 nmethod 8325 0x00000218a8534c10 code [0x00000218a8534e80, 0x00000218a8535a58]

GC Heap History (20 events):
Event: 1.051 GC heap before
{Heap before GC invocations=2 (full 0):
 garbage-first heap   total 262144K, used 36257K [0x0000000080000000, 0x0000000100000000)
  region size 1024K, 29 young (29696K), 1 survivors (1024K)
 Metaspace       used 11063K, capacity 11324K, committed 11520K, reserved 1058816K
  class space    used 1147K, capacity 1201K, committed 1280K, reserved 1048576K
}
Event: 1.053 GC heap after
{Heap after GC invocations=3 (full 0):
 garbage-first heap   total 262144K, used 12477K [0x0000000080000000, 0x0000000100000000)
  region size 1024K, 4 young (4096K), 4 survivors (4096K)
 Metaspace       used 11063K, capacity 11324K, committed 11520K, reserved 1058816K
  class space    used 1147K, capacity 1201K, committed 1280K, reserved 1048576K
}
Event: 1.829 GC heap before
{Heap before GC invocations=3 (full 0):
 garbage-first heap   total 262144K, used 54461K [0x0000000080000000, 0x0000000100000000)
  region size 1024K, 45 young (46080K), 4 survivors (4096K)
 Metaspace       used 18629K, capacity 19105K, committed 19328K, reserved 1067008K
  class space    used 2239K, capacity 2362K, committed 2432K, reserved 1048576K
}
Event: 1.836 GC heap after
{Heap after GC invocations=4 (full 0):
 garbage-first heap   total 262144K, used 15806K [0x0000000080000000, 0x0000000100000000)
  region size 1024K, 4 young (4096K), 4 survivors (4096K)
 Metaspace       used 18629K, capacity 19105K, committed 19328K, reserved 1067008K
  class space    used 2239K, capacity 2362K, committed 2432K, reserved 1048576K
}
Event: 1.994 GC heap before
{Heap before GC invocations=4 (full 0):
 garbage-first heap   total 262144K, used 29118K [0x0000000080000000, 0x0000000100000000)
  region size 1024K, 19 young (19456K), 4 survivors (4096K)
 Metaspace       used 20585K, capacity 21099K, committed 21248K, reserved 1067008K
  class space    used 2525K, capacity 2712K, committed 2816K, reserved 1048576K
}
Event: 1.997 GC heap after
{Heap after GC invocations=5 (full 0):
 garbage-first heap   total 262144K, used 16253K [0x0000000080000000, 0x0000000100000000)
  region size 1024K, 4 young (4096K), 4 survivors (4096K)
 Metaspace       used 20585K, capacity 21099K, committed 21248K, reserved 1067008K
  class space    used 2525K, capacity 2712K, committed 2816K, reserved 1048576K
}
Event: 2.719 GC heap before
{Heap before GC invocations=6 (full 0):
 garbage-first heap   total 262144K, used 82813K [0x0000000080000000, 0x0000000100000000)
  region size 1024K, 69 young (70656K), 4 survivors (4096K)
 Metaspace       used 27622K, capacity 28326K, committed 28544K, reserved 1073152K
  class space    used 3645K, capacity 3891K, committed 3968K, reserved 1048576K
}
Event: 2.724 GC heap after
{Heap after GC invocations=7 (full 0):
 garbage-first heap   total 262144K, used 18463K [0x0000000080000000, 0x0000000100000000)
  region size 1024K, 6 young (6144K), 6 survivors (6144K)
 Metaspace       used 27622K, capacity 28326K, committed 28544K, reserved 1073152K
  class space    used 3645K, capacity 3891K, committed 3968K, reserved 1048576K
}
Event: 3.152 GC heap before
{Heap before GC invocations=7 (full 0):
 garbage-first heap   total 262144K, used 52255K [0x0000000080000000, 0x0000000100000000)
  region size 1024K, 40 young (40960K), 6 survivors (6144K)
 Metaspace       used 35045K, capacity 35775K, committed 35840K, reserved 1081344K
  class space    used 4558K, capacity 4822K, committed 4864K, reserved 1048576K
}
Event: 3.159 GC heap after
{Heap after GC invocations=8 (full 0):
 garbage-first heap   total 262144K, used 21493K [0x0000000080000000, 0x0000000100000000)
  region size 1024K, 9 young (9216K), 9 survivors (9216K)
 Metaspace       used 35045K, capacity 35775K, committed 35840K, reserved 1081344K
  class space    used 4558K, capacity 4822K, committed 4864K, reserved 1048576K
}
Event: 4.523 GC heap before
{Heap before GC invocations=9 (full 0):
 garbage-first heap   total 262144K, used 135157K [0x0000000080000000, 0x0000000100000000)
  region size 1024K, 117 young (119808K), 9 survivors (9216K)
 Metaspace       used 44416K, capacity 45442K, committed 45568K, reserved 1089536K
  class space    used 5691K, capacity 6058K, committed 6144K, reserved 1048576K
}
Event: 4.539 GC heap after
{Heap after GC invocations=10 (full 0):
 garbage-first heap   total 262144K, used 26994K [0x0000000080000000, 0x0000000100000000)
  region size 1024K, 12 young (12288K), 12 survivors (12288K)
 Metaspace       used 44416K, capacity 45442K, committed 45568K, reserved 1089536K
  class space    used 5691K, capacity 6058K, committed 6144K, reserved 1048576K
}
Event: 5.969 GC heap before
{Heap before GC invocations=10 (full 0):
 garbage-first heap   total 262144K, used 177522K [0x0000000080000000, 0x0000000100000000)
  region size 1024K, 153 young (156672K), 12 survivors (12288K)
 Metaspace       used 57432K, capacity 58852K, committed 59136K, reserved 1099776K
  class space    used 7306K, capacity 7812K, committed 7936K, reserved 1048576K
}
Event: 5.984 GC heap after
{Heap after GC invocations=11 (full 0):
 garbage-first heap   total 262144K, used 46007K [0x0000000080000000, 0x0000000100000000)
  region size 1024K, 20 young (20480K), 20 survivors (20480K)
 Metaspace       used 57432K, capacity 58852K, committed 59136K, reserved 1099776K
  class space    used 7306K, capacity 7812K, committed 7936K, reserved 1048576K
}
Event: 6.202 GC heap before
{Heap before GC invocations=11 (full 0):
 garbage-first heap   total 262144K, used 58295K [0x0000000080000000, 0x0000000100000000)
  region size 1024K, 33 young (33792K), 20 survivors (20480K)
 Metaspace       used 58712K, capacity 60105K, committed 60160K, reserved 1101824K
  class space    used 7439K, capacity 7924K, committed 7936K, reserved 1048576K
}
Event: 6.219 GC heap after
{Heap after GC invocations=12 (full 0):
 garbage-first heap   total 262144K, used 49282K [0x0000000080000000, 0x0000000100000000)
  region size 1024K, 3 young (3072K), 3 survivors (3072K)
 Metaspace       used 58712K, capacity 60105K, committed 60160K, reserved 1101824K
  class space    used 7439K, capacity 7924K, committed 7936K, reserved 1048576K
}
Event: 7.680 GC heap before
{Heap before GC invocations=13 (full 0):
 garbage-first heap   total 262144K, used 156802K [0x0000000080000000, 0x0000000100000000)
  region size 1024K, 108 young (110592K), 3 survivors (3072K)
 Metaspace       used 69387K, capacity 70967K, committed 71244K, reserved 1112064K
  class space    used 8948K, capacity 9488K, committed 9548K, reserved 1048576K
}
Event: 7.691 GC heap after
{Heap after GC invocations=14 (full 0):
 garbage-first heap   total 262144K, used 54654K [0x0000000080000000, 0x0000000100000000)
  region size 1024K, 9 young (9216K), 9 survivors (9216K)
 Metaspace       used 69387K, capacity 70967K, committed 71244K, reserved 1112064K
  class space    used 8948K, capacity 9488K, committed 9548K, reserved 1048576K
}
Event: 9.327 GC heap before
{Heap before GC invocations=15 (full 0):
 garbage-first heap   total 262144K, used 167294K [0x0000000080000000, 0x0000000100000000)
  region size 1024K, 120 young (122880K), 9 survivors (9216K)
 Metaspace       used 78931K, capacity 80814K, committed 81100K, reserved 1120256K
  class space    used 10245K, capacity 10908K, committed 10956K, reserved 1048576K
}
Event: 9.345 GC heap after
{Heap after GC invocations=16 (full 0):
 garbage-first heap   total 262144K, used 61967K [0x0000000080000000, 0x0000000100000000)
  region size 1024K, 15 young (15360K), 15 survivors (15360K)
 Metaspace       used 78931K, capacity 80814K, committed 81100K, reserved 1120256K
  class space    used 10245K, capacity 10908K, committed 10956K, reserved 1048576K
}

Deoptimization events (20 events):
Event: 9.722 Thread 0x00000218c2b31000 Uncommon trap: trap_request=0xfffffff4 fr.pc=0x00000218aed641f4 relative=0x00000000000009f4
Event: 9.722 Thread 0x00000218c2b31000 Uncommon trap: reason=null_check action=make_not_entrant pc=0x00000218aed641f4 method=org.gradle.tooling.internal.provider.runner.SubtreeFilteringBuildOperationListener.started(Lorg/gradle/internal/operations/BuildOperationDescriptor;Lorg/gradle/internal/
Event: 9.722 Thread 0x00000218c2b31000 DEOPT PACKING pc=0x00000218aed641f4 sp=0x0000003e097fe6c0
Event: 9.722 Thread 0x00000218c2b31000 DEOPT UNPACKING pc=0x00000218a6e378af sp=0x0000003e097fe670 mode 2
Event: 9.734 Thread 0x00000218c2b37800 Uncommon trap: trap_request=0xffffff4d fr.pc=0x00000218aeb0a10c relative=0x000000000000016c
Event: 9.734 Thread 0x00000218c2b37800 Uncommon trap: reason=unstable_if action=reinterpret pc=0x00000218aeb0a10c method=java.util.concurrent.locks.ReentrantLock$Sync.nonfairTryAcquire(I)Z @ 19 c2
Event: 9.734 Thread 0x00000218c2b37800 DEOPT PACKING pc=0x00000218aeb0a10c sp=0x0000003e098fcb00
Event: 9.734 Thread 0x00000218c2b37800 DEOPT UNPACKING pc=0x00000218a6e378af sp=0x0000003e098fca30 mode 2
Event: 9.758 Thread 0x00000218c2b31000 Uncommon trap: trap_request=0xfffffff4 fr.pc=0x00000218aed71780 relative=0x00000000000004c0
Event: 9.758 Thread 0x00000218c2b31000 Uncommon trap: reason=null_check action=make_not_entrant pc=0x00000218aed71780 method=org.gradle.tooling.internal.provider.runner.SubtreeFilteringBuildOperationListener.finished(Lorg/gradle/internal/operations/BuildOperationDescriptor;Lorg/gradle/internal
Event: 9.758 Thread 0x00000218c2b31000 DEOPT PACKING pc=0x00000218aed71780 sp=0x0000003e097fd300
Event: 9.758 Thread 0x00000218c2b31000 DEOPT UNPACKING pc=0x00000218a6e378af sp=0x0000003e097fd298 mode 2
Event: 9.783 Thread 0x00000218c0def000 Uncommon trap: trap_request=0xffffff7e fr.pc=0x00000218aed4c648 relative=0x0000000000000088
Event: 9.783 Thread 0x00000218c0def000 Uncommon trap: reason=predicate action=maybe_recompile pc=0x00000218aed4c648 method=java.util.TimSort.binarySort([Ljava/lang/Object;IIILjava/util/Comparator;)V @ 34 c2
Event: 9.783 Thread 0x00000218c0def000 DEOPT PACKING pc=0x00000218aed4c648 sp=0x0000003e116fb050
Event: 9.783 Thread 0x00000218c0def000 DEOPT UNPACKING pc=0x00000218a6e378af sp=0x0000003e116fb010 mode 2
Event: 9.783 Thread 0x00000218c0def000 Uncommon trap: trap_request=0xffffff6e fr.pc=0x00000218aed1cbe4 relative=0x0000000000000784
Event: 9.783 Thread 0x00000218c0def000 Uncommon trap: reason=speculate_class_check action=maybe_recompile pc=0x00000218aed1cbe4 method=sun.security.provider.DigestBase.implCompressMultiBlock([BII)I @ 11 c2
Event: 9.783 Thread 0x00000218c0def000 DEOPT PACKING pc=0x00000218aed1cbe4 sp=0x0000003e116fb0c0
Event: 9.783 Thread 0x00000218c0def000 DEOPT UNPACKING pc=0x00000218a6e378af sp=0x0000003e116faff8 mode 2

Classes redefined (0 events):
No events

Internal exceptions (20 events):
Event: 8.168 Thread 0x00000218bf3d1000 Exception <a 'java/lang/NoSuchMethodError'{0x000000008dd3a9e0}: 'int java.lang.invoke.DirectMethodHandle$Holder.invokeStatic(java.lang.Object, java.lang.Object, int, java.lang.Object)'> (0x000000008dd3a9e0) thrown at [./src/hotspot/share/interpreter/linkResolver.cpp, line 773]
Event: 8.169 Thread 0x00000218bf3d1000 Exception <a 'java/lang/NoSuchMethodError'{0x000000008dd41888}: 'java.lang.Object java.lang.invoke.Invokers$Holder.linkToTargetMethod(java.lang.Object, int, java.lang.Object)'> (0x000000008dd41888) thrown at [./src/hotspot/share/interpreter/linkResolver.cpp, line 773]
Event: 8.533 Thread 0x00000218bf3d1000 Exception <a 'java/lang/NoSuchMethodError'{0x000000008c7fb6f8}: 'void java.lang.invoke.DirectMethodHandle$Holder.invokeStatic(java.lang.Object, java.lang.Object, java.lang.Object, java.lang.Object, java.lang.Object, java.lang.Object, java.lang.Object)'> (0x000000008c7fb6f8) thrown at [./src/hotspot/share/interpreter/linkResolver.cpp, line 773]
Event: 8.552 Thread 0x00000218bf3d1000 Exception <a 'java/lang/NoSuchMethodError'{0x000000008c5ddc38}: 'java.lang.Object java.lang.invoke.Invokers$Holder.linkToTargetMethod(java.lang.Object, int, int, java.lang.Object)'> (0x000000008c5ddc38) thrown at [./src/hotspot/share/interpreter/linkResolver.cpp, line 773]
Event: 8.722 Thread 0x00000218bf3d1000 Exception <a 'java/lang/NoSuchMethodError'{0x000000008b6a2198}: <clinit>> (0x000000008b6a2198) thrown at [./src/hotspot/share/prims/jni.cpp, line 1362]
Event: 8.726 Thread 0x00000218bf3d1000 Exception <a 'java/lang/NoSuchMethodError'{0x000000008b6d4290}: <clinit>> (0x000000008b6d4290) thrown at [./src/hotspot/share/prims/jni.cpp, line 1362]
Event: 8.810 Thread 0x00000218c0def000 Exception <a 'java/lang/NoSuchMethodError'{0x000000008b048260}: 'java.lang.Object java.lang.invoke.Invokers$Holder.linkToTargetMethod(java.lang.Object, java.lang.Object, java.lang.Object, java.lang.Object, java.lang.Object, java.lang.Object, java.lang.Object, java.lang.Object)'> (0x000000008b048260) thrown at [./src/hotspot/share/interpreter/linkResolver.cpp, line 773]
Event: 8.825 Thread 0x00000218c0443000 Exception <a 'java/lang/NoSuchMethodError'{0x000000008fd08218}: <clinit>> (0x000000008fd08218) thrown at [./src/hotspot/share/prims/jni.cpp, line 1362]
Event: 8.826 Thread 0x00000218c0443000 Exception <a 'java/lang/NoSuchMethodError'{0x000000008fd115d8}: <clinit>> (0x000000008fd115d8) thrown at [./src/hotspot/share/prims/jni.cpp, line 1362]
Event: 8.826 Thread 0x00000218c0443000 Exception <a 'java/lang/NoSuchMethodError'{0x000000008affc418}: <clinit>> (0x000000008affc418) thrown at [./src/hotspot/share/prims/jni.cpp, line 1362]
Event: 8.826 Thread 0x00000218c3983800 Exception <a 'java/lang/NoSuchMethodError'{0x000000008afdb040}: <clinit>> (0x000000008afdb040) thrown at [./src/hotspot/share/prims/jni.cpp, line 1362]
Event: 8.827 Thread 0x00000218c0443000 Exception <a 'java/lang/NoSuchMethodError'{0x000000008ae0c918}: <clinit>> (0x000000008ae0c918) thrown at [./src/hotspot/share/prims/jni.cpp, line 1362]
Event: 8.827 Thread 0x00000218c0443000 Exception <a 'java/lang/NoSuchMethodError'{0x000000008ae0dbf0}: <clinit>> (0x000000008ae0dbf0) thrown at [./src/hotspot/share/prims/jni.cpp, line 1362]
Event: 8.831 Thread 0x00000218c3983800 Exception <a 'java/lang/NoSuchMethodError'{0x000000008ae2a6b8}: <clinit>> (0x000000008ae2a6b8) thrown at [./src/hotspot/share/prims/jni.cpp, line 1362]
Event: 8.900 Thread 0x00000218c0443000 Exception <a 'java/lang/NoSuchMethodError'{0x000000008acb7ad0}: <clinit>> (0x000000008acb7ad0) thrown at [./src/hotspot/share/prims/jni.cpp, line 1362]
Event: 9.077 Thread 0x00000218c0def000 Exception <a 'java/lang/NoSuchMethodError'{0x000000008a4d12d8}: 'java.lang.Object java.lang.invoke.Invokers$Holder.linkToTargetMethod(java.lang.Object, java.lang.Object, java.lang.Object, java.lang.Object, java.lang.Object, java.lang.Object, java.lang.Object)'> (0x000000008a4d12d8) thrown at [./src/hotspot/share/interpreter/linkResolver.cpp, line 773]
Event: 9.100 Thread 0x00000218c2b38800 Exception <a 'java/lang/NoSuchMethodError'{0x000000008a14e588}: 'java.lang.Object java.lang.invoke.DirectMethodHandle$Holder.invokeSpecialIFC(java.lang.Object, java.lang.Object, java.lang.Object)'> (0x000000008a14e588) thrown at [./src/hotspot/share/interpreter/linkResolver.cpp, line 773]
Event: 9.722 Thread 0x00000218c2b31000 Implicit null exception at 0x00000218aed639e1 to 0x00000218aed641d4
Event: 9.758 Thread 0x00000218c2b31000 Implicit null exception at 0x00000218aed71352 to 0x00000218aed71758
Event: 9.783 Thread 0x00000218c0def000 Exception <a 'java/lang/NoSuchMethodError'{0x000000008daa1670}: <clinit>> (0x000000008daa1670) thrown at [./src/hotspot/share/prims/jni.cpp, line 1362]

Events (20 events):
Event: 9.722 loading class org/gradle/api/internal/artifacts/transform/CacheableInvocation
Event: 9.722 loading class org/gradle/api/internal/artifacts/transform/CacheableInvocation done
Event: 9.730 Executing VM operation: RevokeBias
Event: 9.730 Executing VM operation: RevokeBias done
Event: 9.732 Executing VM operation: BulkRevokeBias
Event: 9.734 Executing VM operation: BulkRevokeBias done
Event: 9.771 loading class org/gradle/internal/snapshot/MissingFileSnapshot
Event: 9.771 loading class org/gradle/internal/snapshot/MissingFileSnapshot done
Event: 9.772 loading class org/gradle/internal/snapshot/MissingFileSnapshot
Event: 9.772 loading class org/gradle/internal/snapshot/MissingFileSnapshot done
Event: 9.772 loading class org/gradle/internal/snapshot/MissingFileSnapshot
Event: 9.772 loading class org/gradle/internal/snapshot/MissingFileSnapshot done
Event: 9.795 Executing VM operation: RevokeBias
Event: 9.796 Executing VM operation: RevokeBias done
Event: 9.796 Executing VM operation: RevokeBias
Event: 9.796 Executing VM operation: RevokeBias done
Event: 9.797 Executing VM operation: RevokeBias
Event: 9.798 Executing VM operation: RevokeBias done
Event: 9.798 Executing VM operation: RevokeBias
Event: 9.798 Executing VM operation: RevokeBias done


Dynamic libraries:
0x00007ff69dd50000 - 0x00007ff69dd5a000 	C:\Program Files\Android\Android Studio1\jre\bin\java.exe
0x00007ffec9570000 - 0x00007ffec9766000 	C:\Windows\SYSTEM32\ntdll.dll
0x00007ffec8d50000 - 0x00007ffec8e0d000 	C:\Windows\System32\KERNEL32.DLL
0x00007ffec7140000 - 0x00007ffec7409000 	C:\Windows\System32\KERNELBASE.dll
0x00007ffec6f10000 - 0x00007ffec7010000 	C:\Windows\System32\ucrtbase.dll
0x00007ffec0570000 - 0x00007ffec0587000 	C:\Program Files\Android\Android Studio1\jre\bin\VCRUNTIME140.dll
0x00007ffeb2190000 - 0x00007ffeb21a9000 	C:\Program Files\Android\Android Studio1\jre\bin\jli.dll
0x00007ffec8e10000 - 0x00007ffec8fb0000 	C:\Windows\System32\USER32.dll
0x00007ffec7520000 - 0x00007ffec7542000 	C:\Windows\System32\win32u.dll
0x00007ffeb5ef0000 - 0x00007ffeb618b000 	C:\Windows\WinSxS\amd64_microsoft.windows.common-controls_6595b64144ccf1df_6.0.19041.488_none_ca04af081b815d21\COMCTL32.dll
0x00007ffec85d0000 - 0x00007ffec85fa000 	C:\Windows\System32\GDI32.dll
0x00007ffec9080000 - 0x00007ffec911e000 	C:\Windows\System32\msvcrt.dll
0x00007ffec7410000 - 0x00007ffec7519000 	C:\Windows\System32\gdi32full.dll
0x00007ffec6e70000 - 0x00007ffec6f0d000 	C:\Windows\System32\msvcp_win.dll
0x00007ffec82d0000 - 0x00007ffec8300000 	C:\Windows\System32\IMM32.DLL
0x00007ffea1170000 - 0x00007ffea120d000 	C:\Program Files\Android\Android Studio1\jre\bin\msvcp140.dll
0x00007ffe9af10000 - 0x00007ffe9b9df000 	C:\Program Files\Android\Android Studio1\jre\bin\server\jvm.dll
0x00007ffec8150000 - 0x00007ffec81fc000 	C:\Windows\System32\ADVAPI32.dll
0x00007ffec80b0000 - 0x00007ffec814c000 	C:\Windows\System32\sechost.dll
0x00007ffec75d0000 - 0x00007ffec76fb000 	C:\Windows\System32\RPCRT4.dll
0x00007ffec8200000 - 0x00007ffec8208000 	C:\Windows\System32\PSAPI.DLL
0x00007ffec4530000 - 0x00007ffec4539000 	C:\Windows\SYSTEM32\WSOCK32.dll
0x00007ffebcc00000 - 0x00007ffebcc27000 	C:\Windows\SYSTEM32\WINMM.dll
0x00007ffec9380000 - 0x00007ffec93eb000 	C:\Windows\System32\WS2_32.dll
0x00007ffec1210000 - 0x00007ffec121a000 	C:\Windows\SYSTEM32\VERSION.dll
0x00007ffec4c00000 - 0x00007ffec4c12000 	C:\Windows\SYSTEM32\kernel.appcore.dll
0x00007ffebcb10000 - 0x00007ffebcb21000 	C:\Program Files\Android\Android Studio1\jre\bin\verify.dll
0x00007ffeab2d0000 - 0x00007ffeab4b4000 	C:\Windows\SYSTEM32\DBGHELP.DLL
0x00007ffeab280000 - 0x00007ffeab2ac000 	C:\Windows\SYSTEM32\dbgcore.DLL
0x00007ffec70c0000 - 0x00007ffec7140000 	C:\Windows\System32\bcryptPrimitives.dll
0x00007ffeb2370000 - 0x00007ffeb2399000 	C:\Program Files\Android\Android Studio1\jre\bin\java.dll
0x00007ffebc320000 - 0x00007ffebc32b000 	C:\Program Files\Android\Android Studio1\jre\bin\jimage.dll
0x00007ffeb4e80000 - 0x00007ffeb4e98000 	C:\Program Files\Android\Android Studio1\jre\bin\zip.dll
0x00007ffec8600000 - 0x00007ffec8d42000 	C:\Windows\System32\SHELL32.dll
0x00007ffec4e00000 - 0x00007ffec5595000 	C:\Windows\SYSTEM32\windows.storage.dll
0x00007ffec7780000 - 0x00007ffec7ad6000 	C:\Windows\System32\combase.dll
0x00007ffec6720000 - 0x00007ffec674c000 	C:\Windows\SYSTEM32\Wldp.dll
0x00007ffec7ae0000 - 0x00007ffec7b8e000 	C:\Windows\System32\SHCORE.dll
0x00007ffec8270000 - 0x00007ffec82c5000 	C:\Windows\System32\shlwapi.dll
0x00007ffec6be0000 - 0x00007ffec6c06000 	C:\Windows\SYSTEM32\profapi.dll
0x00007ffeb30e0000 - 0x00007ffeb30fa000 	C:\Program Files\Android\Android Studio1\jre\bin\net.dll
0x00007ffebcd10000 - 0x00007ffebce10000 	C:\Windows\SYSTEM32\WINHTTP.dll
0x00007ffec64a0000 - 0x00007ffec650a000 	C:\Windows\system32\mswsock.dll
0x00007ffeb3010000 - 0x00007ffeb3024000 	C:\Program Files\Android\Android Studio1\jre\bin\nio.dll
0x00007ffeb21b0000 - 0x00007ffeb21d7000 	C:\Users\Digital City\.gradle\native\fdc75f09e3144964f2cf3f50f0aa648679c211496f362492102eb8c894070792\windows-amd64\native-platform.dll
0x00007ffea42b0000 - 0x00007ffea4446000 	C:\Users\Digital City\.gradle\native\12488b8bf47d2d4c9fbf2f6322a914ad602e24e48041cd04a747c6da556b65c4\windows-amd64\native-platform-file-events.dll
0x00007ffebc240000 - 0x00007ffebc24a000 	C:\Program Files\Android\Android Studio1\jre\bin\management.dll
0x00007ffebadb0000 - 0x00007ffebadbc000 	C:\Program Files\Android\Android Studio1\jre\bin\management_ext.dll
0x00007ffec6670000 - 0x00007ffec6688000 	C:\Windows\SYSTEM32\CRYPTSP.dll
0x00007ffec5dc0000 - 0x00007ffec5df4000 	C:\Windows\system32\rsaenh.dll
0x00007ffec75a0000 - 0x00007ffec75c7000 	C:\Windows\System32\bcrypt.dll
0x00007ffec6ba0000 - 0x00007ffec6bce000 	C:\Windows\SYSTEM32\USERENV.dll
0x00007ffec6690000 - 0x00007ffec669c000 	C:\Windows\SYSTEM32\CRYPTBASE.dll
0x00007ffec6140000 - 0x00007ffec617b000 	C:\Windows\SYSTEM32\IPHLPAPI.DLL
0x00007ffec9520000 - 0x00007ffec9528000 	C:\Windows\System32\NSI.dll
0x00007ffebfd10000 - 0x00007ffebfd27000 	C:\Windows\SYSTEM32\dhcpcsvc6.DLL
0x00007ffebfcf0000 - 0x00007ffebfd0d000 	C:\Windows\SYSTEM32\dhcpcsvc.DLL
0x00007ffec6180000 - 0x00007ffec624b000 	C:\Windows\SYSTEM32\DNSAPI.dll
0x00007ffebfdc0000 - 0x00007ffebfdcb000 	C:\Windows\SYSTEM32\WINNSI.DLL

dbghelp: loaded successfully - version: 4.0.5 - missing functions: none
symbol engine: initialized successfully - sym options: 0x614 - pdb path: .;C:\Program Files\Android\Android Studio1\jre\bin;C:\Windows\SYSTEM32;C:\Windows\WinSxS\amd64_microsoft.windows.common-controls_6595b64144ccf1df_6.0.19041.488_none_ca04af081b815d21;C:\Program Files\Android\Android Studio1\jre\bin\server;C:\Users\Digital City\.gradle\native\fdc75f09e3144964f2cf3f50f0aa648679c211496f362492102eb8c894070792\windows-amd64;C:\Users\Digital City\.gradle\native\12488b8bf47d2d4c9fbf2f6322a914ad602e24e48041cd04a747c6da556b65c4\windows-amd64

VM Arguments:
jvm_args: --add-opens=java.base/java.util=ALL-UNNAMED --add-opens=java.base/java.lang=ALL-UNNAMED --add-opens=java.base/java.lang.invoke=ALL-UNNAMED --add-opens=java.prefs/java.util.prefs=ALL-UNNAMED -Xmx2048m -Dfile.encoding=UTF-8 -Duser.country=RU -Duser.language=ru -Duser.variant 
java_command: org.gradle.launcher.daemon.bootstrap.GradleDaemon 6.7.1
java_class_path (initial): C:\Users\Digital City\.gradle\wrapper\dists\gradle-6.7.1-bin\bwlcbys1h7rz3272sye1xwiv6\gradle-6.7.1\lib\gradle-launcher-6.7.1.jar
Launcher Type: SUN_STANDARD

[Global flags]
     intx CICompilerCount                          = 3                                         {product} {ergonomic}
     uint ConcGCThreads                            = 1                                         {product} {ergonomic}
     uint G1ConcRefinementThreads                  = 4                                         {product} {ergonomic}
   size_t G1HeapRegionSize                         = 1048576                                   {product} {ergonomic}
    uintx GCDrainStackTargetSize                   = 64                                        {product} {ergonomic}
   size_t InitialHeapSize                          = 268435456                                 {product} {ergonomic}
   size_t MarkStackSize                            = 4194304                                   {product} {ergonomic}
   size_t MaxHeapSize                              = 2147483648                                {product} {command line}
   size_t MaxNewSize                               = 1287651328                                {product} {ergonomic}
   size_t MinHeapDeltaBytes                        = 1048576                                   {product} {ergonomic}
    uintx NonNMethodCodeHeapSize                   = 5830732                                {pd product} {ergonomic}
    uintx NonProfiledCodeHeapSize                  = 122913754                              {pd product} {ergonomic}
    uintx ProfiledCodeHeapSize                     = 122913754                              {pd product} {ergonomic}
    uintx ReservedCodeCacheSize                    = 251658240                              {pd product} {ergonomic}
     bool SegmentedCodeCache                       = true                                      {product} {ergonomic}
     bool UseCompressedClassPointers               = true                                 {lp64_product} {ergonomic}
     bool UseCompressedOops                        = true                                 {lp64_product} {ergonomic}
     bool UseG1GC                                  = true                                      {product} {ergonomic}
     bool UseLargePagesIndividualAllocation        = false                                  {pd product} {ergonomic}

Logging:
Log output configuration:
 #0: stdout all=warning uptime,level,tags
 #1: stderr all=off uptime,level,tags

Environment Variables:
PATH=C:\Windows\system32;C:\Windows;C:\Windows\System32\Wbem;C:\Windows\System32\WindowsPowerShell\v1.0\;C:\Windows\System32\OpenSSH\;C:\Program Files\Git\cmd;C:\Users\Digital City\AppData\Local\Microsoft\WindowsApps;
USERNAME=Digital City
OS=Windows_NT
PROCESSOR_IDENTIFIER=Intel64 Family 6 Model 94 Stepping 3, GenuineIntel



---------------  S Y S T E M  ---------------

OS: Windows 10 , 64 bit Build 19041 (10.0.19041.662)
OS uptime: 0 days 20:21 hours

CPU:total 4 (initial active 4) (4 cores per cpu, 1 threads per core) family 6 model 94 stepping 3 microcode 0xcc, cmov, cx8, fxsr, mmx, sse, sse2, sse3, ssse3, sse4.1, sse4.2, popcnt, avx, avx2, aes, clmul, erms, 3dnowpref, lzcnt, tsc, tscinvbit, bmi1, bmi2, adx, fma

Memory: 4k page, system-wide physical 16342M (8187M free)
TotalPageFile size 17366M (AvailPageFile size 8279M)
current process WorkingSet (physical memory assigned to process): 462M, peak: 462M
current process commit charge ("private bytes"): 528M, peak: 529M

vm_info: OpenJDK 64-Bit Server VM (11.0.10+0-b96-7249189) for windows-amd64 JRE (11.0.10+0-b96-7249189), built on Mar 31 2021 21:44:00 by "builder" with MS VC++ 14.0 (VS2015)

END.
